This file contains any messages produced by compilers while
running configure, to aid debugging if configure makes a mistake.

It was created by iulib configure 0.3, which was
generated by GNU Autoconf 2.65.  Invocation command line was

  $ ./configure CXX=/usr/bin/g++-4.2 LDFLAGS=-L/local/lib -L/opt/local/lib CPPFLAGS=-I/local/include -I/opt/local/include --no-create --no-recursion

## --------- ##
## Platform. ##
## --------- ##

hostname = JoshMacPro.local
uname -m = i386
uname -r = 10.2.0
uname -s = Darwin
uname -v = Darwin Kernel Version 10.2.0: Tue Nov  3 10:37:10 PST 2009; root:xnu-1486.2.11~1/RELEASE_I386

/usr/bin/uname -p = i386
/bin/uname -X     = unknown

/bin/arch              = unknown
/usr/bin/arch -k       = unknown
/usr/convex/getsysinfo = unknown
/usr/bin/hostinfo      = Mach kernel version:
	 Darwin Kernel Version 10.2.0: Tue Nov  3 10:37:10 PST 2009; root:xnu-1486.2.11~1/RELEASE_I386
Kernel configured for up to 2 processors.
2 processors are physically available.
2 processors are logically available.
Processor type: i486 (Intel 80486)
Processors active: 0 1
Primary memory available: 4.00 gigabytes
Default processor set: 100 tasks, 460 threads, 2 processors
Load average: 1.76, Mach factor: 0.42
/bin/machine           = unknown
/usr/bin/oslevel       = unknown
/bin/universe          = unknown

PATH: /Users/krall/bin
PATH: /usr/local/bin
PATH: /opt/local/bin
PATH: /opt/local/sbin
PATH: /usr/bin
PATH: /bin
PATH: /usr/sbin
PATH: /sbin
PATH: /opt/local/bin
PATH: /usr/local/jruby/bin


## ----------- ##
## Core tests. ##
## ----------- ##

configure:2545: checking for a BSD-compatible install
configure:2613: result: /usr/bin/install -c
configure:2624: checking whether build environment is sane
configure:2661: result: yes
configure:2686: checking for a thread-safe mkdir -p
configure:2725: result: ./install-sh -c -d
configure:2738: checking for gawk
configure:2768: result: no
configure:2738: checking for mawk
configure:2768: result: no
configure:2738: checking for nawk
configure:2768: result: no
configure:2738: checking for awk
configure:2754: found /usr/bin/awk
configure:2765: result: awk
configure:2776: checking whether make sets $(MAKE)
configure:2798: result: yes
configure:3094: checking for C++ compiler version
configure:3103: /usr/bin/g++-4.2 --version >&5
i686-apple-darwin10-g++-4.2.1 (GCC) 4.2.1 (Apple Inc. build 5646)
Copyright (C) 2007 Free Software Foundation, Inc.
This is free software; see the source for copying conditions.  There is NO
warranty; not even for MERCHANTABILITY or FITNESS FOR A PARTICULAR PURPOSE.

configure:3114: $? = 0
configure:3103: /usr/bin/g++-4.2 -v >&5
Using built-in specs.
Target: i686-apple-darwin10
Configured with: /var/tmp/gcc/gcc-5646~6/src/configure --disable-checking --enable-werror --prefix=/usr --mandir=/share/man --enable-languages=c,objc,c++,obj-c++ --program-transform-name=/^[cg][^.-]*$/s/$/-4.2/ --with-slibdir=/usr/lib --build=i686-apple-darwin10 --with-gxx-include-dir=/include/c++/4.2.1 --program-prefix=i686-apple-darwin10- --host=x86_64-apple-darwin10 --target=i686-apple-darwin10
Thread model: posix
gcc version 4.2.1 (Apple Inc. build 5646)
configure:3114: $? = 0
configure:3103: /usr/bin/g++-4.2 -V >&5
g++-4.2: argument to `-V' is missing
configure:3114: $? = 1
configure:3103: /usr/bin/g++-4.2 -qversion >&5
i686-apple-darwin10-g++-4.2.1: no input files
configure:3114: $? = 1
configure:3134: checking whether the C++ compiler works
configure:3156: /usr/bin/g++-4.2  -I/local/include -I/opt/local/include -L/local/lib -L/opt/local/lib conftest.cpp  >&5
configure:3160: $? = 0
configure:3209: result: yes
configure:3212: checking for C++ compiler default output file name
configure:3214: result: a.out
configure:3220: checking for suffix of executables
configure:3227: /usr/bin/g++-4.2 -o conftest  -I/local/include -I/opt/local/include -L/local/lib -L/opt/local/lib conftest.cpp  >&5
configure:3231: $? = 0
configure:3253: result: 
configure:3275: checking whether we are cross compiling
configure:3283: /usr/bin/g++-4.2 -o conftest  -I/local/include -I/opt/local/include -L/local/lib -L/opt/local/lib conftest.cpp  >&5
configure:3287: $? = 0
configure:3294: ./conftest
configure:3298: $? = 0
configure:3313: result: no
configure:3318: checking for suffix of object files
configure:3340: /usr/bin/g++-4.2 -c  -I/local/include -I/opt/local/include conftest.cpp >&5
configure:3344: $? = 0
configure:3365: result: o
configure:3369: checking whether we are using the GNU C++ compiler
configure:3388: /usr/bin/g++-4.2 -c  -I/local/include -I/opt/local/include conftest.cpp >&5
configure:3388: $? = 0
configure:3397: result: yes
configure:3406: checking whether /usr/bin/g++-4.2 accepts -g
configure:3426: /usr/bin/g++-4.2 -c -g -I/local/include -I/opt/local/include conftest.cpp >&5
configure:3426: $? = 0
configure:3467: result: yes
configure:3501: checking for style of include used by make
configure:3529: result: GNU
configure:3554: checking dependency style of /usr/bin/g++-4.2
configure:3645: result: gcc3
configure:3708: checking for gcc
configure:3724: found /usr/bin/gcc
configure:3735: result: gcc
configure:3964: checking for C compiler version
configure:3973: gcc --version >&5
i686-apple-darwin10-gcc-4.2.1 (GCC) 4.2.1 (Apple Inc. build 5646)
Copyright (C) 2007 Free Software Foundation, Inc.
This is free software; see the source for copying conditions.  There is NO
warranty; not even for MERCHANTABILITY or FITNESS FOR A PARTICULAR PURPOSE.

configure:3984: $? = 0
configure:3973: gcc -v >&5
Using built-in specs.
Target: i686-apple-darwin10
Configured with: /var/tmp/gcc/gcc-5646~6/src/configure --disable-checking --enable-werror --prefix=/usr --mandir=/share/man --enable-languages=c,objc,c++,obj-c++ --program-transform-name=/^[cg][^.-]*$/s/$/-4.2/ --with-slibdir=/usr/lib --build=i686-apple-darwin10 --with-gxx-include-dir=/include/c++/4.2.1 --program-prefix=i686-apple-darwin10- --host=x86_64-apple-darwin10 --target=i686-apple-darwin10
Thread model: posix
gcc version 4.2.1 (Apple Inc. build 5646)
configure:3984: $? = 0
configure:3973: gcc -V >&5
gcc-4.2: argument to `-V' is missing
configure:3984: $? = 1
configure:3973: gcc -qversion >&5
i686-apple-darwin10-gcc-4.2.1: no input files
configure:3984: $? = 1
configure:3988: checking whether we are using the GNU C compiler
configure:4007: gcc -c  -I/local/include -I/opt/local/include conftest.c >&5
configure:4007: $? = 0
configure:4016: result: yes
configure:4025: checking whether gcc accepts -g
configure:4045: gcc -c -g -I/local/include -I/opt/local/include conftest.c >&5
configure:4045: $? = 0
configure:4086: result: yes
configure:4103: checking for gcc option to accept ISO C89
configure:4167: gcc  -c -g -O2 -I/local/include -I/opt/local/include conftest.c >&5
configure:4167: $? = 0
configure:4180: result: none needed
configure:4202: checking dependency style of gcc
configure:4293: result: gcc3
configure:4351: checking for ranlib
configure:4367: found /usr/bin/ranlib
configure:4378: result: ranlib
configure:4407: checking how to run the C preprocessor
configure:4438: gcc -E -I/local/include -I/opt/local/include conftest.c
configure:4438: $? = 0
configure:4452: gcc -E -I/local/include -I/opt/local/include conftest.c
conftest.c:11:28: error: ac_nonexistent.h: No such file or directory
configure:4452: $? = 1
configure: failed program was:
| /* confdefs.h */
| #define PACKAGE_NAME "iulib"
| #define PACKAGE_TARNAME "iulib"
| #define PACKAGE_VERSION "0.3"
| #define PACKAGE_STRING "iulib 0.3"
| #define PACKAGE_BUGREPORT ""
| #define PACKAGE_URL ""
| #define PACKAGE "iulib"
| #define VERSION "0.3"
| /* end confdefs.h.  */
| #include <ac_nonexistent.h>
configure:4477: result: gcc -E
configure:4497: gcc -E -I/local/include -I/opt/local/include conftest.c
configure:4497: $? = 0
configure:4511: gcc -E -I/local/include -I/opt/local/include conftest.c
conftest.c:11:28: error: ac_nonexistent.h: No such file or directory
configure:4511: $? = 1
configure: failed program was:
| /* confdefs.h */
| #define PACKAGE_NAME "iulib"
| #define PACKAGE_TARNAME "iulib"
| #define PACKAGE_VERSION "0.3"
| #define PACKAGE_STRING "iulib 0.3"
| #define PACKAGE_BUGREPORT ""
| #define PACKAGE_URL ""
| #define PACKAGE "iulib"
| #define VERSION "0.3"
| /* end confdefs.h.  */
| #include <ac_nonexistent.h>
configure:4540: checking for grep that handles long lines and -e
configure:4598: result: /usr/bin/grep
configure:4603: checking for egrep
configure:4665: result: /usr/bin/grep -E
configure:4670: checking for ANSI C header files
configure:4690: gcc -c -g -O2 -I/local/include -I/opt/local/include conftest.c >&5
configure:4690: $? = 0
configure:4763: gcc -o conftest -g -O2 -I/local/include -I/opt/local/include -L/local/lib -L/opt/local/lib conftest.c  >&5
configure:4763: $? = 0
configure:4763: ./conftest
configure:4763: $? = 0
configure:4774: result: yes
configure:4782: checking for sys/wait.h that is POSIX.1 compatible
configure:4808: gcc -c -g -O2 -I/local/include -I/opt/local/include conftest.c >&5
configure:4808: $? = 0
configure:4815: result: yes
configure:4828: checking for sys/types.h
configure:4828: gcc -c -g -O2 -I/local/include -I/opt/local/include conftest.c >&5
configure:4828: $? = 0
configure:4828: result: yes
configure:4828: checking for sys/stat.h
configure:4828: gcc -c -g -O2 -I/local/include -I/opt/local/include conftest.c >&5
configure:4828: $? = 0
configure:4828: result: yes
configure:4828: checking for stdlib.h
configure:4828: gcc -c -g -O2 -I/local/include -I/opt/local/include conftest.c >&5
configure:4828: $? = 0
configure:4828: result: yes
configure:4828: checking for string.h
configure:4828: gcc -c -g -O2 -I/local/include -I/opt/local/include conftest.c >&5
configure:4828: $? = 0
configure:4828: result: yes
configure:4828: checking for memory.h
configure:4828: gcc -c -g -O2 -I/local/include -I/opt/local/include conftest.c >&5
configure:4828: $? = 0
configure:4828: result: yes
configure:4828: checking for strings.h
configure:4828: gcc -c -g -O2 -I/local/include -I/opt/local/include conftest.c >&5
configure:4828: $? = 0
configure:4828: result: yes
configure:4828: checking for inttypes.h
configure:4828: gcc -c -g -O2 -I/local/include -I/opt/local/include conftest.c >&5
configure:4828: $? = 0
configure:4828: result: yes
configure:4828: checking for stdint.h
configure:4828: gcc -c -g -O2 -I/local/include -I/opt/local/include conftest.c >&5
configure:4828: $? = 0
configure:4828: result: yes
configure:4828: checking for unistd.h
configure:4828: gcc -c -g -O2 -I/local/include -I/opt/local/include conftest.c >&5
configure:4828: $? = 0
configure:4828: result: yes
configure:4844: checking float.h usability
configure:4844: gcc -c -g -O2 -I/local/include -I/opt/local/include conftest.c >&5
configure:4844: $? = 0
configure:4844: result: yes
configure:4844: checking float.h presence
configure:4844: gcc -E -I/local/include -I/opt/local/include conftest.c
configure:4844: $? = 0
configure:4844: result: yes
configure:4844: checking for float.h
configure:4844: result: yes
configure:4844: checking malloc.h usability
configure:4844: gcc -c -g -O2 -I/local/include -I/opt/local/include conftest.c >&5
conftest.c:56:20: error: malloc.h: No such file or directory
configure:4844: $? = 1
configure: failed program was:
| /* confdefs.h */
| #define PACKAGE_NAME "iulib"
| #define PACKAGE_TARNAME "iulib"
| #define PACKAGE_VERSION "0.3"
| #define PACKAGE_STRING "iulib 0.3"
| #define PACKAGE_BUGREPORT ""
| #define PACKAGE_URL ""
| #define PACKAGE "iulib"
| #define VERSION "0.3"
| #define STDC_HEADERS 1
| #define HAVE_SYS_WAIT_H 1
| #define HAVE_SYS_TYPES_H 1
| #define HAVE_SYS_STAT_H 1
| #define HAVE_STDLIB_H 1
| #define HAVE_STRING_H 1
| #define HAVE_MEMORY_H 1
| #define HAVE_STRINGS_H 1
| #define HAVE_INTTYPES_H 1
| #define HAVE_STDINT_H 1
| #define HAVE_UNISTD_H 1
| #define HAVE_FLOAT_H 1
| /* end confdefs.h.  */
| #include <stdio.h>
| #ifdef HAVE_SYS_TYPES_H
| # include <sys/types.h>
| #endif
| #ifdef HAVE_SYS_STAT_H
| # include <sys/stat.h>
| #endif
| #ifdef STDC_HEADERS
| # include <stdlib.h>
| # include <stddef.h>
| #else
| # ifdef HAVE_STDLIB_H
| #  include <stdlib.h>
| # endif
| #endif
| #ifdef HAVE_STRING_H
| # if !defined STDC_HEADERS && defined HAVE_MEMORY_H
| #  include <memory.h>
| # endif
| # include <string.h>
| #endif
| #ifdef HAVE_STRINGS_H
| # include <strings.h>
| #endif
| #ifdef HAVE_INTTYPES_H
| # include <inttypes.h>
| #endif
| #ifdef HAVE_STDINT_H
| # include <stdint.h>
| #endif
| #ifdef HAVE_UNISTD_H
| # include <unistd.h>
| #endif
| #include <malloc.h>
configure:4844: result: no
configure:4844: checking malloc.h presence
configure:4844: gcc -E -I/local/include -I/opt/local/include conftest.c
conftest.c:23:20: error: malloc.h: No such file or directory
configure:4844: $? = 1
configure: failed program was:
| /* confdefs.h */
| #define PACKAGE_NAME "iulib"
| #define PACKAGE_TARNAME "iulib"
| #define PACKAGE_VERSION "0.3"
| #define PACKAGE_STRING "iulib 0.3"
| #define PACKAGE_BUGREPORT ""
| #define PACKAGE_URL ""
| #define PACKAGE "iulib"
| #define VERSION "0.3"
| #define STDC_HEADERS 1
| #define HAVE_SYS_WAIT_H 1
| #define HAVE_SYS_TYPES_H 1
| #define HAVE_SYS_STAT_H 1
| #define HAVE_STDLIB_H 1
| #define HAVE_STRING_H 1
| #define HAVE_MEMORY_H 1
| #define HAVE_STRINGS_H 1
| #define HAVE_INTTYPES_H 1
| #define HAVE_STDINT_H 1
| #define HAVE_UNISTD_H 1
| #define HAVE_FLOAT_H 1
| /* end confdefs.h.  */
| #include <malloc.h>
configure:4844: result: no
configure:4844: checking for malloc.h
configure:4844: result: no
configure:4844: checking for stdint.h
configure:4844: result: yes
configure:4844: checking for stdlib.h
configure:4844: result: yes
configure:4844: checking for string.h
configure:4844: result: yes
configure:4844: checking for unistd.h
configure:4844: result: yes
configure:4844: checking wchar.h usability
configure:4844: gcc -c -g -O2 -I/local/include -I/opt/local/include conftest.c >&5
configure:4844: $? = 0
configure:4844: result: yes
configure:4844: checking wchar.h presence
configure:4844: gcc -E -I/local/include -I/opt/local/include conftest.c
configure:4844: $? = 0
configure:4844: result: yes
configure:4844: checking for wchar.h
configure:4844: result: yes
configure:4857: checking for unistd.h
configure:4857: result: yes
configure:4868: checking for compress in -lz
configure:4893: gcc -o conftest -g -O2 -I/local/include -I/opt/local/include -L/local/lib -L/opt/local/lib conftest.c -lz   >&5
configure:4893: $? = 0
configure:4902: result: yes
configure:4917: checking png.h usability
configure:4917: gcc -c -g -O2 -I/local/include -I/opt/local/include conftest.c >&5
configure:4917: $? = 0
configure:4917: result: yes
configure:4917: checking png.h presence
configure:4917: gcc -E -I/local/include -I/opt/local/include conftest.c
configure:4917: $? = 0
configure:4917: result: yes
configure:4917: checking for png.h
configure:4917: result: yes
configure:4925: checking for png_sig_cmp in -lpng
configure:4950: gcc -o conftest -g -O2 -I/local/include -I/opt/local/include -L/local/lib -L/opt/local/lib conftest.c -lpng  -lz  >&5
configure:4950: $? = 0
configure:4959: result: yes
configure:4974: checking jpeglib.h usability
configure:4974: gcc -c -g -O2 -I/local/include -I/opt/local/include conftest.c >&5
configure:4974: $? = 0
configure:4974: result: yes
configure:4974: checking jpeglib.h presence
configure:4974: gcc -E -I/local/include -I/opt/local/include conftest.c
configure:4974: $? = 0
configure:4974: result: yes
configure:4974: checking for jpeglib.h
configure:4974: result: yes
configure:4982: checking for jpeg_std_error in -ljpeg
configure:5007: gcc -o conftest -g -O2 -I/local/include -I/opt/local/include -L/local/lib -L/opt/local/lib conftest.c -ljpeg  -lpng -lz  >&5
configure:5007: $? = 0
configure:5016: result: yes
configure:5031: checking for TIFFOpen in -ltiff
configure:5056: gcc -o conftest -g -O2 -I/local/include -I/opt/local/include -L/local/lib -L/opt/local/lib conftest.c -ltiff  -ljpeg -lpng -lz  >&5
configure:5056: $? = 0
configure:5065: result: yes
configure:5089: checking for SDL_Init in -lSDL
configure:5114: gcc -o conftest -g -O2 -I/local/include -I/opt/local/include -L/local/lib -L/opt/local/lib conftest.c -lSDL  -ltiff -ljpeg -lpng -lz  >&5
configure:5114: $? = 0
configure:5123: result: yes
configure:5137: checking for rotozoomSurface in -lSDL_gfx
configure:5162: gcc -o conftest -g -O2 -I/local/include -I/opt/local/include -L/local/lib -L/opt/local/lib conftest.c -lSDL_gfx  -lSDL -ltiff -ljpeg -lpng -lz  >&5
ld: library not found for -lSDL_gfx
collect2: ld returned 1 exit status
configure:5162: $? = 1
configure: failed program was:
| /* confdefs.h */
| #define PACKAGE_NAME "iulib"
| #define PACKAGE_TARNAME "iulib"
| #define PACKAGE_VERSION "0.3"
| #define PACKAGE_STRING "iulib 0.3"
| #define PACKAGE_BUGREPORT ""
| #define PACKAGE_URL ""
| #define PACKAGE "iulib"
| #define VERSION "0.3"
| #define STDC_HEADERS 1
| #define HAVE_SYS_WAIT_H 1
| #define HAVE_SYS_TYPES_H 1
| #define HAVE_SYS_STAT_H 1
| #define HAVE_STDLIB_H 1
| #define HAVE_STRING_H 1
| #define HAVE_MEMORY_H 1
| #define HAVE_STRINGS_H 1
| #define HAVE_INTTYPES_H 1
| #define HAVE_STDINT_H 1
| #define HAVE_UNISTD_H 1
| #define HAVE_FLOAT_H 1
| #define HAVE_STDINT_H 1
| #define HAVE_STDLIB_H 1
| #define HAVE_STRING_H 1
| #define HAVE_UNISTD_H 1
| #define HAVE_WCHAR_H 1
| #define HAVE_LIBZ 1
| #define HAVE_LIBPNG 1
| #define HAVE_LIBJPEG 1
| #define HAVE_LIBTIFF 1
| #define HAVE_LIBSDL 1
| /* end confdefs.h.  */
| 
| /* Override any GCC internal prototype to avoid an error.
|    Use char because int might match the return type of a GCC
|    builtin and then its argument prototype would still apply.  */
| #ifdef __cplusplus
| extern "C"
| #endif
| char rotozoomSurface ();
| int
| main ()
| {
| return rotozoomSurface ();
|   ;
|   return 0;
| }
configure:5171: result: no
configure:5215: checking how to run the C++ preprocessor
configure:5242: /usr/bin/g++-4.2 -E -I/local/include -I/opt/local/include conftest.cpp
configure:5242: $? = 0
configure:5256: /usr/bin/g++-4.2 -E -I/local/include -I/opt/local/include conftest.cpp
conftest.cpp:33:28: error: ac_nonexistent.h: No such file or directory
configure:5256: $? = 1
configure: failed program was:
| /* confdefs.h */
| #define PACKAGE_NAME "iulib"
| #define PACKAGE_TARNAME "iulib"
| #define PACKAGE_VERSION "0.3"
| #define PACKAGE_STRING "iulib 0.3"
| #define PACKAGE_BUGREPORT ""
| #define PACKAGE_URL ""
| #define PACKAGE "iulib"
| #define VERSION "0.3"
| #define STDC_HEADERS 1
| #define HAVE_SYS_WAIT_H 1
| #define HAVE_SYS_TYPES_H 1
| #define HAVE_SYS_STAT_H 1
| #define HAVE_STDLIB_H 1
| #define HAVE_STRING_H 1
| #define HAVE_MEMORY_H 1
| #define HAVE_STRINGS_H 1
| #define HAVE_INTTYPES_H 1
| #define HAVE_STDINT_H 1
| #define HAVE_UNISTD_H 1
| #define HAVE_FLOAT_H 1
| #define HAVE_STDINT_H 1
| #define HAVE_STDLIB_H 1
| #define HAVE_STRING_H 1
| #define HAVE_UNISTD_H 1
| #define HAVE_WCHAR_H 1
| #define HAVE_LIBZ 1
| #define HAVE_LIBPNG 1
| #define HAVE_LIBJPEG 1
| #define HAVE_LIBTIFF 1
| #define HAVE_LIBSDL 1
| /* end confdefs.h.  */
| #include <ac_nonexistent.h>
configure:5281: result: /usr/bin/g++-4.2 -E
configure:5301: /usr/bin/g++-4.2 -E -I/local/include -I/opt/local/include conftest.cpp
configure:5301: $? = 0
configure:5315: /usr/bin/g++-4.2 -E -I/local/include -I/opt/local/include conftest.cpp
conftest.cpp:33:28: error: ac_nonexistent.h: No such file or directory
configure:5315: $? = 1
configure: failed program was:
| /* confdefs.h */
| #define PACKAGE_NAME "iulib"
| #define PACKAGE_TARNAME "iulib"
| #define PACKAGE_VERSION "0.3"
| #define PACKAGE_STRING "iulib 0.3"
| #define PACKAGE_BUGREPORT ""
| #define PACKAGE_URL ""
| #define PACKAGE "iulib"
| #define VERSION "0.3"
| #define STDC_HEADERS 1
| #define HAVE_SYS_WAIT_H 1
| #define HAVE_SYS_TYPES_H 1
| #define HAVE_SYS_STAT_H 1
| #define HAVE_STDLIB_H 1
| #define HAVE_STRING_H 1
| #define HAVE_MEMORY_H 1
| #define HAVE_STRINGS_H 1
| #define HAVE_INTTYPES_H 1
| #define HAVE_STDINT_H 1
| #define HAVE_UNISTD_H 1
| #define HAVE_FLOAT_H 1
| #define HAVE_STDINT_H 1
| #define HAVE_STDLIB_H 1
| #define HAVE_STRING_H 1
| #define HAVE_UNISTD_H 1
| #define HAVE_WCHAR_H 1
| #define HAVE_LIBZ 1
| #define HAVE_LIBPNG 1
| #define HAVE_LIBJPEG 1
| #define HAVE_LIBTIFF 1
| #define HAVE_LIBSDL 1
| /* end confdefs.h.  */
| #include <ac_nonexistent.h>
configure:5344: checking ffmpeg/avcodec.h usability
configure:5344: /usr/bin/g++-4.2 -c -g -O2 -I/local/include -I/opt/local/include conftest.cpp >&5
conftest.cpp:66:28: error: ffmpeg/avcodec.h: No such file or directory
configure:5344: $? = 1
configure: failed program was:
| /* confdefs.h */
| #define PACKAGE_NAME "iulib"
| #define PACKAGE_TARNAME "iulib"
| #define PACKAGE_VERSION "0.3"
| #define PACKAGE_STRING "iulib 0.3"
| #define PACKAGE_BUGREPORT ""
| #define PACKAGE_URL ""
| #define PACKAGE "iulib"
| #define VERSION "0.3"
| #define STDC_HEADERS 1
| #define HAVE_SYS_WAIT_H 1
| #define HAVE_SYS_TYPES_H 1
| #define HAVE_SYS_STAT_H 1
| #define HAVE_STDLIB_H 1
| #define HAVE_STRING_H 1
| #define HAVE_MEMORY_H 1
| #define HAVE_STRINGS_H 1
| #define HAVE_INTTYPES_H 1
| #define HAVE_STDINT_H 1
| #define HAVE_UNISTD_H 1
| #define HAVE_FLOAT_H 1
| #define HAVE_STDINT_H 1
| #define HAVE_STDLIB_H 1
| #define HAVE_STRING_H 1
| #define HAVE_UNISTD_H 1
| #define HAVE_WCHAR_H 1
| #define HAVE_LIBZ 1
| #define HAVE_LIBPNG 1
| #define HAVE_LIBJPEG 1
| #define HAVE_LIBTIFF 1
| #define HAVE_LIBSDL 1
| /* end confdefs.h.  */
| #include <stdio.h>
| #ifdef HAVE_SYS_TYPES_H
| # include <sys/types.h>
| #endif
| #ifdef HAVE_SYS_STAT_H
| # include <sys/stat.h>
| #endif
| #ifdef STDC_HEADERS
| # include <stdlib.h>
| # include <stddef.h>
| #else
| # ifdef HAVE_STDLIB_H
| #  include <stdlib.h>
| # endif
| #endif
| #ifdef HAVE_STRING_H
| # if !defined STDC_HEADERS && defined HAVE_MEMORY_H
| #  include <memory.h>
| # endif
| # include <string.h>
| #endif
| #ifdef HAVE_STRINGS_H
| # include <strings.h>
| #endif
| #ifdef HAVE_INTTYPES_H
| # include <inttypes.h>
| #endif
| #ifdef HAVE_STDINT_H
| # include <stdint.h>
| #endif
| #ifdef HAVE_UNISTD_H
| # include <unistd.h>
| #endif
| #include <ffmpeg/avcodec.h>
configure:5344: result: no
configure:5344: checking ffmpeg/avcodec.h presence
configure:5344: /usr/bin/g++-4.2 -E -I/local/include -I/opt/local/include conftest.cpp
conftest.cpp:33:28: error: ffmpeg/avcodec.h: No such file or directory
configure:5344: $? = 1
configure: failed program was:
| /* confdefs.h */
| #define PACKAGE_NAME "iulib"
| #define PACKAGE_TARNAME "iulib"
| #define PACKAGE_VERSION "0.3"
| #define PACKAGE_STRING "iulib 0.3"
| #define PACKAGE_BUGREPORT ""
| #define PACKAGE_URL ""
| #define PACKAGE "iulib"
| #define VERSION "0.3"
| #define STDC_HEADERS 1
| #define HAVE_SYS_WAIT_H 1
| #define HAVE_SYS_TYPES_H 1
| #define HAVE_SYS_STAT_H 1
| #define HAVE_STDLIB_H 1
| #define HAVE_STRING_H 1
| #define HAVE_MEMORY_H 1
| #define HAVE_STRINGS_H 1
| #define HAVE_INTTYPES_H 1
| #define HAVE_STDINT_H 1
| #define HAVE_UNISTD_H 1
| #define HAVE_FLOAT_H 1
| #define HAVE_STDINT_H 1
| #define HAVE_STDLIB_H 1
| #define HAVE_STRING_H 1
| #define HAVE_UNISTD_H 1
| #define HAVE_WCHAR_H 1
| #define HAVE_LIBZ 1
| #define HAVE_LIBPNG 1
| #define HAVE_LIBJPEG 1
| #define HAVE_LIBTIFF 1
| #define HAVE_LIBSDL 1
| /* end confdefs.h.  */
| #include <ffmpeg/avcodec.h>
configure:5344: result: no
configure:5344: checking for ffmpeg/avcodec.h
configure:5344: result: no
configure:5353: checking ffmpeg/avformat.h usability
configure:5353: /usr/bin/g++-4.2 -c -g -O2 -I/local/include -I/opt/local/include conftest.cpp >&5
conftest.cpp:66:29: error: ffmpeg/avformat.h: No such file or directory
configure:5353: $? = 1
configure: failed program was:
| /* confdefs.h */
| #define PACKAGE_NAME "iulib"
| #define PACKAGE_TARNAME "iulib"
| #define PACKAGE_VERSION "0.3"
| #define PACKAGE_STRING "iulib 0.3"
| #define PACKAGE_BUGREPORT ""
| #define PACKAGE_URL ""
| #define PACKAGE "iulib"
| #define VERSION "0.3"
| #define STDC_HEADERS 1
| #define HAVE_SYS_WAIT_H 1
| #define HAVE_SYS_TYPES_H 1
| #define HAVE_SYS_STAT_H 1
| #define HAVE_STDLIB_H 1
| #define HAVE_STRING_H 1
| #define HAVE_MEMORY_H 1
| #define HAVE_STRINGS_H 1
| #define HAVE_INTTYPES_H 1
| #define HAVE_STDINT_H 1
| #define HAVE_UNISTD_H 1
| #define HAVE_FLOAT_H 1
| #define HAVE_STDINT_H 1
| #define HAVE_STDLIB_H 1
| #define HAVE_STRING_H 1
| #define HAVE_UNISTD_H 1
| #define HAVE_WCHAR_H 1
| #define HAVE_LIBZ 1
| #define HAVE_LIBPNG 1
| #define HAVE_LIBJPEG 1
| #define HAVE_LIBTIFF 1
| #define HAVE_LIBSDL 1
| /* end confdefs.h.  */
| #include <stdio.h>
| #ifdef HAVE_SYS_TYPES_H
| # include <sys/types.h>
| #endif
| #ifdef HAVE_SYS_STAT_H
| # include <sys/stat.h>
| #endif
| #ifdef STDC_HEADERS
| # include <stdlib.h>
| # include <stddef.h>
| #else
| # ifdef HAVE_STDLIB_H
| #  include <stdlib.h>
| # endif
| #endif
| #ifdef HAVE_STRING_H
| # if !defined STDC_HEADERS && defined HAVE_MEMORY_H
| #  include <memory.h>
| # endif
| # include <string.h>
| #endif
| #ifdef HAVE_STRINGS_H
| # include <strings.h>
| #endif
| #ifdef HAVE_INTTYPES_H
| # include <inttypes.h>
| #endif
| #ifdef HAVE_STDINT_H
| # include <stdint.h>
| #endif
| #ifdef HAVE_UNISTD_H
| # include <unistd.h>
| #endif
| #include <ffmpeg/avformat.h>
configure:5353: result: no
configure:5353: checking ffmpeg/avformat.h presence
configure:5353: /usr/bin/g++-4.2 -E -I/local/include -I/opt/local/include conftest.cpp
conftest.cpp:33:29: error: ffmpeg/avformat.h: No such file or directory
configure:5353: $? = 1
configure: failed program was:
| /* confdefs.h */
| #define PACKAGE_NAME "iulib"
| #define PACKAGE_TARNAME "iulib"
| #define PACKAGE_VERSION "0.3"
| #define PACKAGE_STRING "iulib 0.3"
| #define PACKAGE_BUGREPORT ""
| #define PACKAGE_URL ""
| #define PACKAGE "iulib"
| #define VERSION "0.3"
| #define STDC_HEADERS 1
| #define HAVE_SYS_WAIT_H 1
| #define HAVE_SYS_TYPES_H 1
| #define HAVE_SYS_STAT_H 1
| #define HAVE_STDLIB_H 1
| #define HAVE_STRING_H 1
| #define HAVE_MEMORY_H 1
| #define HAVE_STRINGS_H 1
| #define HAVE_INTTYPES_H 1
| #define HAVE_STDINT_H 1
| #define HAVE_UNISTD_H 1
| #define HAVE_FLOAT_H 1
| #define HAVE_STDINT_H 1
| #define HAVE_STDLIB_H 1
| #define HAVE_STRING_H 1
| #define HAVE_UNISTD_H 1
| #define HAVE_WCHAR_H 1
| #define HAVE_LIBZ 1
| #define HAVE_LIBPNG 1
| #define HAVE_LIBJPEG 1
| #define HAVE_LIBTIFF 1
| #define HAVE_LIBSDL 1
| /* end confdefs.h.  */
| #include <ffmpeg/avformat.h>
configure:5353: result: no
configure:5353: checking for ffmpeg/avformat.h
configure:5353: result: no
configure:5374: /usr/bin/g++-4.2 -c -g -O2 -I/local/include -I/opt/local/include conftest.cpp >&5
conftest.cpp:33:25: error: ffmpeg/avio.h: No such file or directory
conftest.cpp:34:45: error: ffmpeg/avformat.h: No such file or directory
conftest.cpp: In function 'int main()':
conftest.cpp:38: error: 'AVFormatContext' was not declared in this scope
conftest.cpp:38: error: expected `;' before 'fc'
conftest.cpp:38: error: 'fc' was not declared in this scope
conftest.cpp:38: error: 'url_fclose' was not declared in this scope
configure:5374: $? = 1
configure: failed program was:
| /* confdefs.h */
| #define PACKAGE_NAME "iulib"
| #define PACKAGE_TARNAME "iulib"
| #define PACKAGE_VERSION "0.3"
| #define PACKAGE_STRING "iulib 0.3"
| #define PACKAGE_BUGREPORT ""
| #define PACKAGE_URL ""
| #define PACKAGE "iulib"
| #define VERSION "0.3"
| #define STDC_HEADERS 1
| #define HAVE_SYS_WAIT_H 1
| #define HAVE_SYS_TYPES_H 1
| #define HAVE_SYS_STAT_H 1
| #define HAVE_STDLIB_H 1
| #define HAVE_STRING_H 1
| #define HAVE_MEMORY_H 1
| #define HAVE_STRINGS_H 1
| #define HAVE_INTTYPES_H 1
| #define HAVE_STDINT_H 1
| #define HAVE_UNISTD_H 1
| #define HAVE_FLOAT_H 1
| #define HAVE_STDINT_H 1
| #define HAVE_STDLIB_H 1
| #define HAVE_STRING_H 1
| #define HAVE_UNISTD_H 1
| #define HAVE_WCHAR_H 1
| #define HAVE_LIBZ 1
| #define HAVE_LIBPNG 1
| #define HAVE_LIBJPEG 1
| #define HAVE_LIBTIFF 1
| #define HAVE_LIBSDL 1
| /* end confdefs.h.  */
| #include <ffmpeg/avio.h>
|                 #include <ffmpeg/avformat.h>
| int
| main ()
| {
| AVFormatContext fc; url_fclose(fc.pb);
|   ;
|   return 0;
| }
configure:5392: checking linux/videodev2.h usability
configure:5392: /usr/bin/g++-4.2 -c -g -O2 -I/local/include -I/opt/local/include conftest.cpp >&5
conftest.cpp:67:29: error: linux/videodev2.h: No such file or directory
configure:5392: $? = 1
configure: failed program was:
| /* confdefs.h */
| #define PACKAGE_NAME "iulib"
| #define PACKAGE_TARNAME "iulib"
| #define PACKAGE_VERSION "0.3"
| #define PACKAGE_STRING "iulib 0.3"
| #define PACKAGE_BUGREPORT ""
| #define PACKAGE_URL ""
| #define PACKAGE "iulib"
| #define VERSION "0.3"
| #define STDC_HEADERS 1
| #define HAVE_SYS_WAIT_H 1
| #define HAVE_SYS_TYPES_H 1
| #define HAVE_SYS_STAT_H 1
| #define HAVE_STDLIB_H 1
| #define HAVE_STRING_H 1
| #define HAVE_MEMORY_H 1
| #define HAVE_STRINGS_H 1
| #define HAVE_INTTYPES_H 1
| #define HAVE_STDINT_H 1
| #define HAVE_UNISTD_H 1
| #define HAVE_FLOAT_H 1
| #define HAVE_STDINT_H 1
| #define HAVE_STDLIB_H 1
| #define HAVE_STRING_H 1
| #define HAVE_UNISTD_H 1
| #define HAVE_WCHAR_H 1
| #define HAVE_LIBZ 1
| #define HAVE_LIBPNG 1
| #define HAVE_LIBJPEG 1
| #define HAVE_LIBTIFF 1
| #define HAVE_LIBSDL 1
| #define HAVE_OLD_AVFORMAT 1
| /* end confdefs.h.  */
| #include <stdio.h>
| #ifdef HAVE_SYS_TYPES_H
| # include <sys/types.h>
| #endif
| #ifdef HAVE_SYS_STAT_H
| # include <sys/stat.h>
| #endif
| #ifdef STDC_HEADERS
| # include <stdlib.h>
| # include <stddef.h>
| #else
| # ifdef HAVE_STDLIB_H
| #  include <stdlib.h>
| # endif
| #endif
| #ifdef HAVE_STRING_H
| # if !defined STDC_HEADERS && defined HAVE_MEMORY_H
| #  include <memory.h>
| # endif
| # include <string.h>
| #endif
| #ifdef HAVE_STRINGS_H
| # include <strings.h>
| #endif
| #ifdef HAVE_INTTYPES_H
| # include <inttypes.h>
| #endif
| #ifdef HAVE_STDINT_H
| # include <stdint.h>
| #endif
| #ifdef HAVE_UNISTD_H
| # include <unistd.h>
| #endif
| #include <linux/videodev2.h>
configure:5392: result: no
configure:5392: checking linux/videodev2.h presence
configure:5392: /usr/bin/g++-4.2 -E -I/local/include -I/opt/local/include conftest.cpp
conftest.cpp:34:29: error: linux/videodev2.h: No such file or directory
configure:5392: $? = 1
configure: failed program was:
| /* confdefs.h */
| #define PACKAGE_NAME "iulib"
| #define PACKAGE_TARNAME "iulib"
| #define PACKAGE_VERSION "0.3"
| #define PACKAGE_STRING "iulib 0.3"
| #define PACKAGE_BUGREPORT ""
| #define PACKAGE_URL ""
| #define PACKAGE "iulib"
| #define VERSION "0.3"
| #define STDC_HEADERS 1
| #define HAVE_SYS_WAIT_H 1
| #define HAVE_SYS_TYPES_H 1
| #define HAVE_SYS_STAT_H 1
| #define HAVE_STDLIB_H 1
| #define HAVE_STRING_H 1
| #define HAVE_MEMORY_H 1
| #define HAVE_STRINGS_H 1
| #define HAVE_INTTYPES_H 1
| #define HAVE_STDINT_H 1
| #define HAVE_UNISTD_H 1
| #define HAVE_FLOAT_H 1
| #define HAVE_STDINT_H 1
| #define HAVE_STDLIB_H 1
| #define HAVE_STRING_H 1
| #define HAVE_UNISTD_H 1
| #define HAVE_WCHAR_H 1
| #define HAVE_LIBZ 1
| #define HAVE_LIBPNG 1
| #define HAVE_LIBJPEG 1
| #define HAVE_LIBTIFF 1
| #define HAVE_LIBSDL 1
| #define HAVE_OLD_AVFORMAT 1
| /* end confdefs.h.  */
| #include <linux/videodev2.h>
configure:5392: result: no
configure:5392: checking for linux/videodev2.h
configure:5392: result: no
configure:5410: checking for int64_t
configure:5410: /usr/bin/g++-4.2 -c -g -O2 -I/local/include -I/opt/local/include conftest.cpp >&5
configure:5410: $? = 0
configure:5410: /usr/bin/g++-4.2 -c -g -O2 -I/local/include -I/opt/local/include conftest.cpp >&5
conftest.cpp: In function 'int main()':
conftest.cpp:72: error: size of array 'test_array' is negative
configure:5410: $? = 1
configure: failed program was:
| /* confdefs.h */
| #define PACKAGE_NAME "iulib"
| #define PACKAGE_TARNAME "iulib"
| #define PACKAGE_VERSION "0.3"
| #define PACKAGE_STRING "iulib 0.3"
| #define PACKAGE_BUGREPORT ""
| #define PACKAGE_URL ""
| #define PACKAGE "iulib"
| #define VERSION "0.3"
| #define STDC_HEADERS 1
| #define HAVE_SYS_WAIT_H 1
| #define HAVE_SYS_TYPES_H 1
| #define HAVE_SYS_STAT_H 1
| #define HAVE_STDLIB_H 1
| #define HAVE_STRING_H 1
| #define HAVE_MEMORY_H 1
| #define HAVE_STRINGS_H 1
| #define HAVE_INTTYPES_H 1
| #define HAVE_STDINT_H 1
| #define HAVE_UNISTD_H 1
| #define HAVE_FLOAT_H 1
| #define HAVE_STDINT_H 1
| #define HAVE_STDLIB_H 1
| #define HAVE_STRING_H 1
| #define HAVE_UNISTD_H 1
| #define HAVE_WCHAR_H 1
| #define HAVE_LIBZ 1
| #define HAVE_LIBPNG 1
| #define HAVE_LIBJPEG 1
| #define HAVE_LIBTIFF 1
| #define HAVE_LIBSDL 1
| #define HAVE_OLD_AVFORMAT 1
| /* end confdefs.h.  */
| #include <stdio.h>
| #ifdef HAVE_SYS_TYPES_H
| # include <sys/types.h>
| #endif
| #ifdef HAVE_SYS_STAT_H
| # include <sys/stat.h>
| #endif
| #ifdef STDC_HEADERS
| # include <stdlib.h>
| # include <stddef.h>
| #else
| # ifdef HAVE_STDLIB_H
| #  include <stdlib.h>
| # endif
| #endif
| #ifdef HAVE_STRING_H
| # if !defined STDC_HEADERS && defined HAVE_MEMORY_H
| #  include <memory.h>
| # endif
| # include <string.h>
| #endif
| #ifdef HAVE_STRINGS_H
| # include <strings.h>
| #endif
| #ifdef HAVE_INTTYPES_H
| # include <inttypes.h>
| #endif
| #ifdef HAVE_STDINT_H
| # include <stdint.h>
| #endif
| #ifdef HAVE_UNISTD_H
| # include <unistd.h>
| #endif
| 	        enum { N = 64 / 2 - 1 };
| int
| main ()
| {
| static int test_array [1 - 2 * !((int64_t) (((((int64_t) 1 << N) << N) - 1) * 2 + 1)
| 		 < (int64_t) (((((int64_t) 1 << N) << N) - 1) * 2 + 2))];
| test_array [0] = 0
| 
|   ;
|   return 0;
| }
configure:5410: result: yes
configure:5421: checking for pid_t
configure:5421: /usr/bin/g++-4.2 -c -g -O2 -I/local/include -I/opt/local/include conftest.cpp >&5
configure:5421: $? = 0
configure:5421: /usr/bin/g++-4.2 -c -g -O2 -I/local/include -I/opt/local/include conftest.cpp >&5
conftest.cpp: In function 'int main()':
conftest.cpp:70: error: expected primary-expression before ')' token
configure:5421: $? = 1
configure: failed program was:
| /* confdefs.h */
| #define PACKAGE_NAME "iulib"
| #define PACKAGE_TARNAME "iulib"
| #define PACKAGE_VERSION "0.3"
| #define PACKAGE_STRING "iulib 0.3"
| #define PACKAGE_BUGREPORT ""
| #define PACKAGE_URL ""
| #define PACKAGE "iulib"
| #define VERSION "0.3"
| #define STDC_HEADERS 1
| #define HAVE_SYS_WAIT_H 1
| #define HAVE_SYS_TYPES_H 1
| #define HAVE_SYS_STAT_H 1
| #define HAVE_STDLIB_H 1
| #define HAVE_STRING_H 1
| #define HAVE_MEMORY_H 1
| #define HAVE_STRINGS_H 1
| #define HAVE_INTTYPES_H 1
| #define HAVE_STDINT_H 1
| #define HAVE_UNISTD_H 1
| #define HAVE_FLOAT_H 1
| #define HAVE_STDINT_H 1
| #define HAVE_STDLIB_H 1
| #define HAVE_STRING_H 1
| #define HAVE_UNISTD_H 1
| #define HAVE_WCHAR_H 1
| #define HAVE_LIBZ 1
| #define HAVE_LIBPNG 1
| #define HAVE_LIBJPEG 1
| #define HAVE_LIBTIFF 1
| #define HAVE_LIBSDL 1
| #define HAVE_OLD_AVFORMAT 1
| /* end confdefs.h.  */
| #include <stdio.h>
| #ifdef HAVE_SYS_TYPES_H
| # include <sys/types.h>
| #endif
| #ifdef HAVE_SYS_STAT_H
| # include <sys/stat.h>
| #endif
| #ifdef STDC_HEADERS
| # include <stdlib.h>
| # include <stddef.h>
| #else
| # ifdef HAVE_STDLIB_H
| #  include <stdlib.h>
| # endif
| #endif
| #ifdef HAVE_STRING_H
| # if !defined STDC_HEADERS && defined HAVE_MEMORY_H
| #  include <memory.h>
| # endif
| # include <string.h>
| #endif
| #ifdef HAVE_STRINGS_H
| # include <strings.h>
| #endif
| #ifdef HAVE_INTTYPES_H
| # include <inttypes.h>
| #endif
| #ifdef HAVE_STDINT_H
| # include <stdint.h>
| #endif
| #ifdef HAVE_UNISTD_H
| # include <unistd.h>
| #endif
| int
| main ()
| {
| if (sizeof ((pid_t)))
| 	    return 0;
|   ;
|   return 0;
| }
configure:5421: result: yes
configure:5435: checking vfork.h usability
configure:5435: /usr/bin/g++-4.2 -c -g -O2 -I/local/include -I/opt/local/include conftest.cpp >&5
conftest.cpp:67:19: error: vfork.h: No such file or directory
configure:5435: $? = 1
configure: failed program was:
| /* confdefs.h */
| #define PACKAGE_NAME "iulib"
| #define PACKAGE_TARNAME "iulib"
| #define PACKAGE_VERSION "0.3"
| #define PACKAGE_STRING "iulib 0.3"
| #define PACKAGE_BUGREPORT ""
| #define PACKAGE_URL ""
| #define PACKAGE "iulib"
| #define VERSION "0.3"
| #define STDC_HEADERS 1
| #define HAVE_SYS_WAIT_H 1
| #define HAVE_SYS_TYPES_H 1
| #define HAVE_SYS_STAT_H 1
| #define HAVE_STDLIB_H 1
| #define HAVE_STRING_H 1
| #define HAVE_MEMORY_H 1
| #define HAVE_STRINGS_H 1
| #define HAVE_INTTYPES_H 1
| #define HAVE_STDINT_H 1
| #define HAVE_UNISTD_H 1
| #define HAVE_FLOAT_H 1
| #define HAVE_STDINT_H 1
| #define HAVE_STDLIB_H 1
| #define HAVE_STRING_H 1
| #define HAVE_UNISTD_H 1
| #define HAVE_WCHAR_H 1
| #define HAVE_LIBZ 1
| #define HAVE_LIBPNG 1
| #define HAVE_LIBJPEG 1
| #define HAVE_LIBTIFF 1
| #define HAVE_LIBSDL 1
| #define HAVE_OLD_AVFORMAT 1
| /* end confdefs.h.  */
| #include <stdio.h>
| #ifdef HAVE_SYS_TYPES_H
| # include <sys/types.h>
| #endif
| #ifdef HAVE_SYS_STAT_H
| # include <sys/stat.h>
| #endif
| #ifdef STDC_HEADERS
| # include <stdlib.h>
| # include <stddef.h>
| #else
| # ifdef HAVE_STDLIB_H
| #  include <stdlib.h>
| # endif
| #endif
| #ifdef HAVE_STRING_H
| # if !defined STDC_HEADERS && defined HAVE_MEMORY_H
| #  include <memory.h>
| # endif
| # include <string.h>
| #endif
| #ifdef HAVE_STRINGS_H
| # include <strings.h>
| #endif
| #ifdef HAVE_INTTYPES_H
| # include <inttypes.h>
| #endif
| #ifdef HAVE_STDINT_H
| # include <stdint.h>
| #endif
| #ifdef HAVE_UNISTD_H
| # include <unistd.h>
| #endif
| #include <vfork.h>
configure:5435: result: no
configure:5435: checking vfork.h presence
configure:5435: /usr/bin/g++-4.2 -E -I/local/include -I/opt/local/include conftest.cpp
conftest.cpp:34:19: error: vfork.h: No such file or directory
configure:5435: $? = 1
configure: failed program was:
| /* confdefs.h */
| #define PACKAGE_NAME "iulib"
| #define PACKAGE_TARNAME "iulib"
| #define PACKAGE_VERSION "0.3"
| #define PACKAGE_STRING "iulib 0.3"
| #define PACKAGE_BUGREPORT ""
| #define PACKAGE_URL ""
| #define PACKAGE "iulib"
| #define VERSION "0.3"
| #define STDC_HEADERS 1
| #define HAVE_SYS_WAIT_H 1
| #define HAVE_SYS_TYPES_H 1
| #define HAVE_SYS_STAT_H 1
| #define HAVE_STDLIB_H 1
| #define HAVE_STRING_H 1
| #define HAVE_MEMORY_H 1
| #define HAVE_STRINGS_H 1
| #define HAVE_INTTYPES_H 1
| #define HAVE_STDINT_H 1
| #define HAVE_UNISTD_H 1
| #define HAVE_FLOAT_H 1
| #define HAVE_STDINT_H 1
| #define HAVE_STDLIB_H 1
| #define HAVE_STRING_H 1
| #define HAVE_UNISTD_H 1
| #define HAVE_WCHAR_H 1
| #define HAVE_LIBZ 1
| #define HAVE_LIBPNG 1
| #define HAVE_LIBJPEG 1
| #define HAVE_LIBTIFF 1
| #define HAVE_LIBSDL 1
| #define HAVE_OLD_AVFORMAT 1
| /* end confdefs.h.  */
| #include <vfork.h>
configure:5435: result: no
configure:5435: checking for vfork.h
configure:5435: result: no
configure:5448: checking for fork
configure:5448: /usr/bin/g++-4.2 -o conftest -g -O2 -I/local/include -I/opt/local/include -L/local/lib -L/opt/local/lib conftest.cpp -lSDL -ltiff -ljpeg -lpng -lz  >&5
configure:5448: $? = 0
configure:5448: result: yes
configure:5448: checking for vfork
configure:5448: /usr/bin/g++-4.2 -o conftest -g -O2 -I/local/include -I/opt/local/include -L/local/lib -L/opt/local/lib conftest.cpp -lSDL -ltiff -ljpeg -lpng -lz  >&5
configure:5448: $? = 0
configure:5448: result: yes
configure:5459: checking for working fork
configure:5481: /usr/bin/g++-4.2 -o conftest -g -O2 -I/local/include -I/opt/local/include -L/local/lib -L/opt/local/lib conftest.cpp -lSDL -ltiff -ljpeg -lpng -lz  >&5
configure:5481: $? = 0
configure:5481: ./conftest
dyld: Library not loaded: /opt/local/lib/libjpeg.62.dylib
  Referenced from: /opt/local/lib/libtiff.3.dylib
  Reason: image not found
./configure: line 2138: 67498 Trace/BPT trap          ./conftest$ac_exeext
configure:5481: $? = 133
configure: program exited with status 133
configure: failed program was:
| /* confdefs.h */
| #define PACKAGE_NAME "iulib"
| #define PACKAGE_TARNAME "iulib"
| #define PACKAGE_VERSION "0.3"
| #define PACKAGE_STRING "iulib 0.3"
| #define PACKAGE_BUGREPORT ""
| #define PACKAGE_URL ""
| #define PACKAGE "iulib"
| #define VERSION "0.3"
| #define STDC_HEADERS 1
| #define HAVE_SYS_WAIT_H 1
| #define HAVE_SYS_TYPES_H 1
| #define HAVE_SYS_STAT_H 1
| #define HAVE_STDLIB_H 1
| #define HAVE_STRING_H 1
| #define HAVE_MEMORY_H 1
| #define HAVE_STRINGS_H 1
| #define HAVE_INTTYPES_H 1
| #define HAVE_STDINT_H 1
| #define HAVE_UNISTD_H 1
| #define HAVE_FLOAT_H 1
| #define HAVE_STDINT_H 1
| #define HAVE_STDLIB_H 1
| #define HAVE_STRING_H 1
| #define HAVE_UNISTD_H 1
| #define HAVE_WCHAR_H 1
| #define HAVE_LIBZ 1
| #define HAVE_LIBPNG 1
| #define HAVE_LIBJPEG 1
| #define HAVE_LIBTIFF 1
| #define HAVE_LIBSDL 1
| #define HAVE_OLD_AVFORMAT 1
| #define HAVE_FORK 1
| #define HAVE_VFORK 1
| /* end confdefs.h.  */
| #include <stdio.h>
| #ifdef HAVE_SYS_TYPES_H
| # include <sys/types.h>
| #endif
| #ifdef HAVE_SYS_STAT_H
| # include <sys/stat.h>
| #endif
| #ifdef STDC_HEADERS
| # include <stdlib.h>
| # include <stddef.h>
| #else
| # ifdef HAVE_STDLIB_H
| #  include <stdlib.h>
| # endif
| #endif
| #ifdef HAVE_STRING_H
| # if !defined STDC_HEADERS && defined HAVE_MEMORY_H
| #  include <memory.h>
| # endif
| # include <string.h>
| #endif
| #ifdef HAVE_STRINGS_H
| # include <strings.h>
| #endif
| #ifdef HAVE_INTTYPES_H
| # include <inttypes.h>
| #endif
| #ifdef HAVE_STDINT_H
| # include <stdint.h>
| #endif
| #ifdef HAVE_UNISTD_H
| # include <unistd.h>
| #endif
| int
| main ()
| {
| 
| 	  /* By Ruediger Kuhlmann. */
| 	  return fork () < 0;
| 
|   ;
|   return 0;
| }
configure:5491: result: no
configure:5512: checking for working vfork
configure:5622: result: yes
configure:5650: checking for dup2
configure:5650: /usr/bin/g++-4.2 -o conftest -g -O2 -I/local/include -I/opt/local/include -L/local/lib -L/opt/local/lib conftest.cpp -lSDL -ltiff -ljpeg -lpng -lz  >&5
configure:5650: $? = 0
configure:5650: result: yes
configure:5650: checking for memset
configure:5650: /usr/bin/g++-4.2 -o conftest -g -O2 -I/local/include -I/opt/local/include -L/local/lib -L/opt/local/lib conftest.cpp -lSDL -ltiff -ljpeg -lpng -lz  >&5
configure:5650: $? = 0
configure:5650: result: yes
configure:5650: checking for sqrt
configure:5650: /usr/bin/g++-4.2 -o conftest -g -O2 -I/local/include -I/opt/local/include -L/local/lib -L/opt/local/lib conftest.cpp -lSDL -ltiff -ljpeg -lpng -lz  >&5
configure:5650: $? = 0
configure:5650: result: yes
configure:5650: checking for strchr
configure:5650: /usr/bin/g++-4.2 -o conftest -g -O2 -I/local/include -I/opt/local/include -L/local/lib -L/opt/local/lib conftest.cpp -lSDL -ltiff -ljpeg -lpng -lz  >&5
configure:5650: $? = 0
configure:5650: result: yes
configure:5650: checking for strdup
configure:5650: /usr/bin/g++-4.2 -o conftest -g -O2 -I/local/include -I/opt/local/include -L/local/lib -L/opt/local/lib conftest.cpp -lSDL -ltiff -ljpeg -lpng -lz  >&5
configure:5650: $? = 0
configure:5650: result: yes
configure:5650: checking for strrchr
configure:5650: /usr/bin/g++-4.2 -o conftest -g -O2 -I/local/include -I/opt/local/include -L/local/lib -L/opt/local/lib conftest.cpp -lSDL -ltiff -ljpeg -lpng -lz  >&5
configure:5650: $? = 0
configure:5650: result: yes
configure:5825: creating ./config.status

## ---------------- ##
## Cache variables. ##
## ---------------- ##

ac_cv_c_compiler_gnu=yes
ac_cv_c_int64_t=yes
ac_cv_cxx_compiler_gnu=yes
ac_cv_env_CCC_set=
ac_cv_env_CCC_value=
ac_cv_env_CC_set=
ac_cv_env_CC_value=
ac_cv_env_CFLAGS_set=
ac_cv_env_CFLAGS_value=
ac_cv_env_CPPFLAGS_set=set
ac_cv_env_CPPFLAGS_value='-I/local/include -I/opt/local/include'
ac_cv_env_CPP_set=
ac_cv_env_CPP_value=
ac_cv_env_CXXCPP_set=
ac_cv_env_CXXCPP_value=
ac_cv_env_CXXFLAGS_set=
ac_cv_env_CXXFLAGS_value=
ac_cv_env_CXX_set=set
ac_cv_env_CXX_value=/usr/bin/g++-4.2
ac_cv_env_LDFLAGS_set=set
ac_cv_env_LDFLAGS_value='-L/local/lib -L/opt/local/lib'
ac_cv_env_LIBS_set=
ac_cv_env_LIBS_value=
ac_cv_env_build_alias_set=
ac_cv_env_build_alias_value=
ac_cv_env_host_alias_set=
ac_cv_env_host_alias_value=
ac_cv_env_target_alias_set=
ac_cv_env_target_alias_value=
ac_cv_func_dup2=yes
ac_cv_func_fork=yes
ac_cv_func_fork_works=no
ac_cv_func_memset=yes
ac_cv_func_sqrt=yes
ac_cv_func_strchr=yes
ac_cv_func_strdup=yes
ac_cv_func_strrchr=yes
ac_cv_func_vfork=yes
ac_cv_func_vfork_works=yes
ac_cv_header_ffmpeg_avcodec_h=no
ac_cv_header_ffmpeg_avformat_h=no
ac_cv_header_float_h=yes
ac_cv_header_inttypes_h=yes
ac_cv_header_jpeglib_h=yes
ac_cv_header_linux_videodev2_h=no
ac_cv_header_malloc_h=no
ac_cv_header_memory_h=yes
ac_cv_header_png_h=yes
ac_cv_header_stdc=yes
ac_cv_header_stdint_h=yes
ac_cv_header_stdlib_h=yes
ac_cv_header_string_h=yes
ac_cv_header_strings_h=yes
ac_cv_header_sys_stat_h=yes
ac_cv_header_sys_types_h=yes
ac_cv_header_sys_wait_h=yes
ac_cv_header_unistd_h=yes
ac_cv_header_vfork_h=no
ac_cv_header_wchar_h=yes
ac_cv_lib_SDL_SDL_Init=yes
ac_cv_lib_SDL_gfx_rotozoomSurface=no
ac_cv_lib_jpeg_jpeg_std_error=yes
ac_cv_lib_png_png_sig_cmp=yes
ac_cv_lib_tiff_TIFFOpen=yes
ac_cv_lib_z_compress=yes
ac_cv_objext=o
ac_cv_path_EGREP='/usr/bin/grep -E'
ac_cv_path_GREP=/usr/bin/grep
ac_cv_path_install='/usr/bin/install -c'
ac_cv_prog_AWK=awk
ac_cv_prog_CPP='gcc -E'
ac_cv_prog_CXXCPP='/usr/bin/g++-4.2 -E'
ac_cv_prog_ac_ct_CC=gcc
ac_cv_prog_ac_ct_RANLIB=ranlib
ac_cv_prog_cc_c89=
ac_cv_prog_cc_g=yes
ac_cv_prog_cxx_g=yes
ac_cv_prog_make_make_set=yes
ac_cv_type_pid_t=yes
ac_cv_use_sdl=yes
am_cv_CC_dependencies_compiler_type=gcc3
am_cv_CXX_dependencies_compiler_type=gcc3

## ----------------- ##
## Output variables. ##
## ----------------- ##

ACLOCAL='${SHELL} /Programming/Transfs/ocropus-0.4/iulib/missing --run aclocal-1.10'
AMDEPBACKSLASH='\'
AMDEP_FALSE='#'
AMDEP_TRUE=''
AMTAR='${SHELL} /Programming/Transfs/ocropus-0.4/iulib/missing --run tar'
AUTOCONF='${SHELL} /Programming/Transfs/ocropus-0.4/iulib/missing --run autoconf'
AUTOHEADER='${SHELL} /Programming/Transfs/ocropus-0.4/iulib/missing --run autoheader'
AUTOMAKE='${SHELL} /Programming/Transfs/ocropus-0.4/iulib/missing --run automake-1.10'
AWK='awk'
CC='gcc'
CCDEPMODE='depmode=gcc3'
CFLAGS='-g -O2'
CPP='gcc -E'
CPPFLAGS='-I/local/include -I/opt/local/include'
CXX='/usr/bin/g++-4.2'
CXXCPP='/usr/bin/g++-4.2 -E'
CXXDEPMODE='depmode=gcc3'
CXXFLAGS='-g -O2'
CYGPATH_W='echo'
DEFS='-DPACKAGE_NAME=\"iulib\" -DPACKAGE_TARNAME=\"iulib\" -DPACKAGE_VERSION=\"0.3\" -DPACKAGE_STRING=\"iulib\ 0.3\" -DPACKAGE_BUGREPORT=\"\" -DPACKAGE_URL=\"\" -DPACKAGE=\"iulib\" -DVERSION=\"0.3\" -DSTDC_HEADERS=1 -DHAVE_SYS_WAIT_H=1 -DHAVE_SYS_TYPES_H=1 -DHAVE_SYS_STAT_H=1 -DHAVE_STDLIB_H=1 -DHAVE_STRING_H=1 -DHAVE_MEMORY_H=1 -DHAVE_STRINGS_H=1 -DHAVE_INTTYPES_H=1 -DHAVE_STDINT_H=1 -DHAVE_UNISTD_H=1 -DHAVE_FLOAT_H=1 -DHAVE_STDINT_H=1 -DHAVE_STDLIB_H=1 -DHAVE_STRING_H=1 -DHAVE_UNISTD_H=1 -DHAVE_WCHAR_H=1 -DHAVE_LIBZ=1 -DHAVE_LIBPNG=1 -DHAVE_LIBJPEG=1 -DHAVE_LIBTIFF=1 -DHAVE_LIBSDL=1 -DHAVE_OLD_AVFORMAT=1 -DHAVE_FORK=1 -DHAVE_VFORK=1 -DHAVE_WORKING_VFORK=1 -DHAVE_DUP2=1 -DHAVE_MEMSET=1 -DHAVE_SQRT=1 -DHAVE_STRCHR=1 -DHAVE_STRDUP=1 -DHAVE_STRRCHR=1'
DEPDIR='.deps'
ECHO_C='\c'
ECHO_N=''
ECHO_T=''
EGREP='/usr/bin/grep -E'
EXEEXT=''
GREP='/usr/bin/grep'
INSTALL_DATA='${INSTALL} -m 644'
INSTALL_PROGRAM='${INSTALL}'
INSTALL_SCRIPT='${INSTALL}'
INSTALL_STRIP_PROGRAM='$(install_sh) -c -s'
LDFLAGS='-L/local/lib -L/opt/local/lib'
LIBOBJS=''
LIBS='-lSDL -ltiff -ljpeg -lpng -lz '
LTLIBOBJS=''
MAKEINFO='${SHELL} /Programming/Transfs/ocropus-0.4/iulib/missing --run makeinfo'
MKDIR_P='./install-sh -c -d'
OBJEXT='o'
PACKAGE='iulib'
PACKAGE_BUGREPORT=''
PACKAGE_NAME='iulib'
PACKAGE_STRING='iulib 0.3'
PACKAGE_TARNAME='iulib'
PACKAGE_URL=''
PACKAGE_VERSION='0.3'
PATH_SEPARATOR=':'
RANLIB='ranlib'
SET_MAKE=''
SHELL='/bin/sh'
STRIP=''
VERSION='0.3'
ac_ct_CC='gcc'
ac_ct_CXX=''
am__fastdepCC_FALSE='#'
am__fastdepCC_TRUE=''
am__fastdepCXX_FALSE='#'
am__fastdepCXX_TRUE=''
am__include='include'
am__isrc=''
am__leading_dot='.'
am__quote=''
am__tar='${AMTAR} chof - "$$tardir"'
am__untar='${AMTAR} xf -'
bindir='${exec_prefix}/bin'
build_alias=''
datadir='${datarootdir}'
datarootdir='${prefix}/share'
docdir='${datarootdir}/doc/${PACKAGE_TARNAME}'
dvidir='${docdir}'
exec_prefix='${prefix}'
have_sdl_FALSE=''
have_sdl_TRUE='#'
have_v4l2_FALSE=''
have_v4l2_TRUE='#'
have_vidio_FALSE=''
have_vidio_TRUE='#'
host_alias=''
htmldir='${docdir}'
includedir='${prefix}/include'
infodir='${datarootdir}/info'
install_sh='$(SHELL) /Programming/Transfs/ocropus-0.4/iulib/install-sh'
libdir='${exec_prefix}/lib'
libexecdir='${exec_prefix}/libexec'
localedir='${datarootdir}/locale'
localstatedir='${prefix}/var'
mandir='${datarootdir}/man'
mkdir_p='$(top_builddir)/./install-sh -c -d'
noposix=''
nosdl='1'
nov4l2='1'
novidio='1'
oldincludedir='/usr/include'
pdfdir='${docdir}'
prefix='/usr/local'
program_transform_name='s,x,x,'
psdir='${docdir}'
sbindir='${exec_prefix}/sbin'
sharedstatedir='${prefix}/com'
sysconfdir='${prefix}/etc'
target_alias=''

## ----------- ##
## confdefs.h. ##
## ----------- ##

/* confdefs.h */
#define PACKAGE_NAME "iulib"
#define PACKAGE_TARNAME "iulib"
#define PACKAGE_VERSION "0.3"
#define PACKAGE_STRING "iulib 0.3"
#define PACKAGE_BUGREPORT ""
#define PACKAGE_URL ""
#define PACKAGE "iulib"
#define VERSION "0.3"
#define STDC_HEADERS 1
#define HAVE_SYS_WAIT_H 1
#define HAVE_SYS_TYPES_H 1
#define HAVE_SYS_STAT_H 1
#define HAVE_STDLIB_H 1
#define HAVE_STRING_H 1
#define HAVE_MEMORY_H 1
#define HAVE_STRINGS_H 1
#define HAVE_INTTYPES_H 1
#define HAVE_STDINT_H 1
#define HAVE_UNISTD_H 1
#define HAVE_FLOAT_H 1
#define HAVE_STDINT_H 1
#define HAVE_STDLIB_H 1
#define HAVE_STRING_H 1
#define HAVE_UNISTD_H 1
#define HAVE_WCHAR_H 1
#define HAVE_LIBZ 1
#define HAVE_LIBPNG 1
#define HAVE_LIBJPEG 1
#define HAVE_LIBTIFF 1
#define HAVE_LIBSDL 1
#define HAVE_OLD_AVFORMAT 1
#define HAVE_FORK 1
#define HAVE_VFORK 1
#define HAVE_WORKING_VFORK 1
#define HAVE_DUP2 1
#define HAVE_MEMSET 1
#define HAVE_SQRT 1
#define HAVE_STRCHR 1
#define HAVE_STRDUP 1
#define HAVE_STRRCHR 1

configure: exit 0

## ---------------------- ##
## Running config.status. ##
## ---------------------- ##

This file was extended by iulib config.status 0.3, which was
generated by GNU Autoconf 2.65.  Invocation command line was

  CONFIG_FILES    = 
  CONFIG_HEADERS  = 
  CONFIG_LINKS    = 
  CONFIG_COMMANDS = 
  $ ./config.status 

on JoshMacPro.local

config.status:793: creating Makefile
config.status:956: executing depfiles commands
