This file contains any messages produced by compilers while
running configure, to aid debugging if configure makes a mistake.

It was created by ocropus configure 0.3, which was
generated by GNU Autoconf 2.65.  Invocation command line was

  $ ./configure --prefix=/usr/local --with-iulib=/usr/local --without-SDL --without-leptonica --with-tesseract=/usr/local

## --------- ##
## Platform. ##
## --------- ##

hostname = JoshMacPro.local
uname -m = i386
uname -r = 10.2.0
uname -s = Darwin
uname -v = Darwin Kernel Version 10.2.0: Tue Nov  3 10:37:10 PST 2009; root:xnu-1486.2.11~1/RELEASE_I386

/usr/bin/uname -p = i386
/bin/uname -X     = unknown

/bin/arch              = unknown
/usr/bin/arch -k       = unknown
/usr/convex/getsysinfo = unknown
/usr/bin/hostinfo      = Mach kernel version:
	 Darwin Kernel Version 10.2.0: Tue Nov  3 10:37:10 PST 2009; root:xnu-1486.2.11~1/RELEASE_I386
Kernel configured for up to 2 processors.
2 processors are physically available.
2 processors are logically available.
Processor type: i486 (Intel 80486)
Processors active: 0 1
Primary memory available: 4.00 gigabytes
Default processor set: 103 tasks, 473 threads, 2 processors
Load average: 5.55, Mach factor: 0.31
/bin/machine           = unknown
/usr/bin/oslevel       = unknown
/bin/universe          = unknown

PATH: /Users/krall/bin
PATH: /usr/local/bin
PATH: /opt/local/bin
PATH: /opt/local/sbin
PATH: /usr/bin
PATH: /bin
PATH: /usr/sbin
PATH: /sbin
PATH: /opt/local/bin
PATH: /usr/local/jruby/bin


## ----------- ##
## Core tests. ##
## ----------- ##

configure:2593: checking for a BSD-compatible install
configure:2661: result: /usr/bin/install -c
configure:2672: checking whether build environment is sane
configure:2709: result: yes
configure:2734: checking for a thread-safe mkdir -p
configure:2773: result: ./install-sh -c -d
configure:2786: checking for gawk
configure:2816: result: no
configure:2786: checking for mawk
configure:2816: result: no
configure:2786: checking for nawk
configure:2816: result: no
configure:2786: checking for awk
configure:2802: found /usr/bin/awk
configure:2813: result: awk
configure:2824: checking whether make sets $(MAKE)
configure:2846: result: yes
configure:3050: checking for /usr/local/include/tesseract/baseapi.h
configure:3064: result: yes
configure:3104: checking for /usr/local/include/iulib/imgio.h
configure:3118: result: yes
configure:3245: checking for C++ compiler version
configure:3254: /usr/bin/g++-4.2 --version >&5
i686-apple-darwin10-g++-4.2.1 (GCC) 4.2.1 (Apple Inc. build 5646)
Copyright (C) 2007 Free Software Foundation, Inc.
This is free software; see the source for copying conditions.  There is NO
warranty; not even for MERCHANTABILITY or FITNESS FOR A PARTICULAR PURPOSE.

configure:3265: $? = 0
configure:3254: /usr/bin/g++-4.2 -v >&5
Using built-in specs.
Target: i686-apple-darwin10
Configured with: /var/tmp/gcc/gcc-5646~6/src/configure --disable-checking --enable-werror --prefix=/usr --mandir=/share/man --enable-languages=c,objc,c++,obj-c++ --program-transform-name=/^[cg][^.-]*$/s/$/-4.2/ --with-slibdir=/usr/lib --build=i686-apple-darwin10 --with-gxx-include-dir=/include/c++/4.2.1 --program-prefix=i686-apple-darwin10- --host=x86_64-apple-darwin10 --target=i686-apple-darwin10
Thread model: posix
gcc version 4.2.1 (Apple Inc. build 5646)
configure:3265: $? = 0
configure:3254: /usr/bin/g++-4.2 -V >&5
g++-4.2: argument to `-V' is missing
configure:3265: $? = 1
configure:3254: /usr/bin/g++-4.2 -qversion >&5
i686-apple-darwin10-g++-4.2.1: no input files
configure:3265: $? = 1
configure:3285: checking whether the C++ compiler works
configure:3307: /usr/bin/g++-4.2  -I/local/include -I/opt/local/include -L/local/lib -L/opt/local/lib -L/usr/local/lib -L/usr/local/lib conftest.cpp  >&5
configure:3311: $? = 0
configure:3360: result: yes
configure:3363: checking for C++ compiler default output file name
configure:3365: result: a.out
configure:3371: checking for suffix of executables
configure:3378: /usr/bin/g++-4.2 -o conftest  -I/local/include -I/opt/local/include -L/local/lib -L/opt/local/lib -L/usr/local/lib -L/usr/local/lib conftest.cpp  >&5
configure:3382: $? = 0
configure:3404: result: 
configure:3426: checking whether we are cross compiling
configure:3434: /usr/bin/g++-4.2 -o conftest  -I/local/include -I/opt/local/include -L/local/lib -L/opt/local/lib -L/usr/local/lib -L/usr/local/lib conftest.cpp  >&5
configure:3438: $? = 0
configure:3445: ./conftest
configure:3449: $? = 0
configure:3464: result: no
configure:3469: checking for suffix of object files
configure:3491: /usr/bin/g++-4.2 -c  -I/local/include -I/opt/local/include conftest.cpp >&5
configure:3495: $? = 0
configure:3516: result: o
configure:3520: checking whether we are using the GNU C++ compiler
configure:3539: /usr/bin/g++-4.2 -c  -I/local/include -I/opt/local/include conftest.cpp >&5
configure:3539: $? = 0
configure:3548: result: yes
configure:3557: checking whether /usr/bin/g++-4.2 accepts -g
configure:3577: /usr/bin/g++-4.2 -c -g -I/local/include -I/opt/local/include conftest.cpp >&5
configure:3577: $? = 0
configure:3618: result: yes
configure:3652: checking for style of include used by make
configure:3680: result: GNU
configure:3705: checking dependency style of /usr/bin/g++-4.2
configure:3796: result: gcc3
configure:3859: checking for gcc
configure:3875: found /usr/bin/gcc
configure:3886: result: gcc
configure:4115: checking for C compiler version
configure:4124: gcc --version >&5
i686-apple-darwin10-gcc-4.2.1 (GCC) 4.2.1 (Apple Inc. build 5646)
Copyright (C) 2007 Free Software Foundation, Inc.
This is free software; see the source for copying conditions.  There is NO
warranty; not even for MERCHANTABILITY or FITNESS FOR A PARTICULAR PURPOSE.

configure:4135: $? = 0
configure:4124: gcc -v >&5
Using built-in specs.
Target: i686-apple-darwin10
Configured with: /var/tmp/gcc/gcc-5646~6/src/configure --disable-checking --enable-werror --prefix=/usr --mandir=/share/man --enable-languages=c,objc,c++,obj-c++ --program-transform-name=/^[cg][^.-]*$/s/$/-4.2/ --with-slibdir=/usr/lib --build=i686-apple-darwin10 --with-gxx-include-dir=/include/c++/4.2.1 --program-prefix=i686-apple-darwin10- --host=x86_64-apple-darwin10 --target=i686-apple-darwin10
Thread model: posix
gcc version 4.2.1 (Apple Inc. build 5646)
configure:4135: $? = 0
configure:4124: gcc -V >&5
gcc-4.2: argument to `-V' is missing
configure:4135: $? = 1
configure:4124: gcc -qversion >&5
i686-apple-darwin10-gcc-4.2.1: no input files
configure:4135: $? = 1
configure:4139: checking whether we are using the GNU C compiler
configure:4158: gcc -c  -I/local/include -I/opt/local/include conftest.c >&5
configure:4158: $? = 0
configure:4167: result: yes
configure:4176: checking whether gcc accepts -g
configure:4196: gcc -c -g -I/local/include -I/opt/local/include conftest.c >&5
configure:4196: $? = 0
configure:4237: result: yes
configure:4254: checking for gcc option to accept ISO C89
configure:4318: gcc  -c -g -O2 -I/local/include -I/opt/local/include conftest.c >&5
configure:4318: $? = 0
configure:4331: result: none needed
configure:4353: checking dependency style of gcc
configure:4444: result: gcc3
configure:4502: checking for ranlib
configure:4518: found /usr/bin/ranlib
configure:4529: result: ranlib
configure:4558: checking how to run the C preprocessor
configure:4589: gcc -E -I/local/include -I/opt/local/include conftest.c
configure:4589: $? = 0
configure:4603: gcc -E -I/local/include -I/opt/local/include conftest.c
conftest.c:11:28: error: ac_nonexistent.h: No such file or directory
configure:4603: $? = 1
configure: failed program was:
| /* confdefs.h */
| #define PACKAGE_NAME "ocropus"
| #define PACKAGE_TARNAME "ocropus"
| #define PACKAGE_VERSION "0.3"
| #define PACKAGE_STRING "ocropus 0.3"
| #define PACKAGE_BUGREPORT ""
| #define PACKAGE_URL ""
| #define PACKAGE "ocropus"
| #define VERSION "0.3"
| /* end confdefs.h.  */
| #include <ac_nonexistent.h>
configure:4628: result: gcc -E
configure:4648: gcc -E -I/local/include -I/opt/local/include conftest.c
configure:4648: $? = 0
configure:4662: gcc -E -I/local/include -I/opt/local/include conftest.c
conftest.c:11:28: error: ac_nonexistent.h: No such file or directory
configure:4662: $? = 1
configure: failed program was:
| /* confdefs.h */
| #define PACKAGE_NAME "ocropus"
| #define PACKAGE_TARNAME "ocropus"
| #define PACKAGE_VERSION "0.3"
| #define PACKAGE_STRING "ocropus 0.3"
| #define PACKAGE_BUGREPORT ""
| #define PACKAGE_URL ""
| #define PACKAGE "ocropus"
| #define VERSION "0.3"
| /* end confdefs.h.  */
| #include <ac_nonexistent.h>
configure:4691: checking for grep that handles long lines and -e
configure:4749: result: /usr/bin/grep
configure:4754: checking for egrep
configure:4816: result: /usr/bin/grep -E
configure:4821: checking for ANSI C header files
configure:4841: gcc -c -g -O2 -I/local/include -I/opt/local/include conftest.c >&5
configure:4841: $? = 0
configure:4914: gcc -o conftest -g -O2 -I/local/include -I/opt/local/include -L/local/lib -L/opt/local/lib -L/usr/local/lib -L/usr/local/lib conftest.c  >&5
configure:4914: $? = 0
configure:4914: ./conftest
configure:4914: $? = 0
configure:4925: result: yes
configure:4933: checking for sys/wait.h that is POSIX.1 compatible
configure:4959: gcc -c -g -O2 -I/local/include -I/opt/local/include conftest.c >&5
configure:4959: $? = 0
configure:4966: result: yes
configure:4979: checking for sys/types.h
configure:4979: gcc -c -g -O2 -I/local/include -I/opt/local/include conftest.c >&5
configure:4979: $? = 0
configure:4979: result: yes
configure:4979: checking for sys/stat.h
configure:4979: gcc -c -g -O2 -I/local/include -I/opt/local/include conftest.c >&5
configure:4979: $? = 0
configure:4979: result: yes
configure:4979: checking for stdlib.h
configure:4979: gcc -c -g -O2 -I/local/include -I/opt/local/include conftest.c >&5
configure:4979: $? = 0
configure:4979: result: yes
configure:4979: checking for string.h
configure:4979: gcc -c -g -O2 -I/local/include -I/opt/local/include conftest.c >&5
configure:4979: $? = 0
configure:4979: result: yes
configure:4979: checking for memory.h
configure:4979: gcc -c -g -O2 -I/local/include -I/opt/local/include conftest.c >&5
configure:4979: $? = 0
configure:4979: result: yes
configure:4979: checking for strings.h
configure:4979: gcc -c -g -O2 -I/local/include -I/opt/local/include conftest.c >&5
configure:4979: $? = 0
configure:4979: result: yes
configure:4979: checking for inttypes.h
configure:4979: gcc -c -g -O2 -I/local/include -I/opt/local/include conftest.c >&5
configure:4979: $? = 0
configure:4979: result: yes
configure:4979: checking for stdint.h
configure:4979: gcc -c -g -O2 -I/local/include -I/opt/local/include conftest.c >&5
configure:4979: $? = 0
configure:4979: result: yes
configure:4979: checking for unistd.h
configure:4979: gcc -c -g -O2 -I/local/include -I/opt/local/include conftest.c >&5
configure:4979: $? = 0
configure:4979: result: yes
configure:4995: checking float.h usability
configure:4995: gcc -c -g -O2 -I/local/include -I/opt/local/include conftest.c >&5
configure:4995: $? = 0
configure:4995: result: yes
configure:4995: checking float.h presence
configure:4995: gcc -E -I/local/include -I/opt/local/include conftest.c
configure:4995: $? = 0
configure:4995: result: yes
configure:4995: checking for float.h
configure:4995: result: yes
configure:4995: checking malloc.h usability
configure:4995: gcc -c -g -O2 -I/local/include -I/opt/local/include conftest.c >&5
conftest.c:56:20: error: malloc.h: No such file or directory
configure:4995: $? = 1
configure: failed program was:
| /* confdefs.h */
| #define PACKAGE_NAME "ocropus"
| #define PACKAGE_TARNAME "ocropus"
| #define PACKAGE_VERSION "0.3"
| #define PACKAGE_STRING "ocropus 0.3"
| #define PACKAGE_BUGREPORT ""
| #define PACKAGE_URL ""
| #define PACKAGE "ocropus"
| #define VERSION "0.3"
| #define STDC_HEADERS 1
| #define HAVE_SYS_WAIT_H 1
| #define HAVE_SYS_TYPES_H 1
| #define HAVE_SYS_STAT_H 1
| #define HAVE_STDLIB_H 1
| #define HAVE_STRING_H 1
| #define HAVE_MEMORY_H 1
| #define HAVE_STRINGS_H 1
| #define HAVE_INTTYPES_H 1
| #define HAVE_STDINT_H 1
| #define HAVE_UNISTD_H 1
| #define HAVE_FLOAT_H 1
| /* end confdefs.h.  */
| #include <stdio.h>
| #ifdef HAVE_SYS_TYPES_H
| # include <sys/types.h>
| #endif
| #ifdef HAVE_SYS_STAT_H
| # include <sys/stat.h>
| #endif
| #ifdef STDC_HEADERS
| # include <stdlib.h>
| # include <stddef.h>
| #else
| # ifdef HAVE_STDLIB_H
| #  include <stdlib.h>
| # endif
| #endif
| #ifdef HAVE_STRING_H
| # if !defined STDC_HEADERS && defined HAVE_MEMORY_H
| #  include <memory.h>
| # endif
| # include <string.h>
| #endif
| #ifdef HAVE_STRINGS_H
| # include <strings.h>
| #endif
| #ifdef HAVE_INTTYPES_H
| # include <inttypes.h>
| #endif
| #ifdef HAVE_STDINT_H
| # include <stdint.h>
| #endif
| #ifdef HAVE_UNISTD_H
| # include <unistd.h>
| #endif
| #include <malloc.h>
configure:4995: result: no
configure:4995: checking malloc.h presence
configure:4995: gcc -E -I/local/include -I/opt/local/include conftest.c
conftest.c:23:20: error: malloc.h: No such file or directory
configure:4995: $? = 1
configure: failed program was:
| /* confdefs.h */
| #define PACKAGE_NAME "ocropus"
| #define PACKAGE_TARNAME "ocropus"
| #define PACKAGE_VERSION "0.3"
| #define PACKAGE_STRING "ocropus 0.3"
| #define PACKAGE_BUGREPORT ""
| #define PACKAGE_URL ""
| #define PACKAGE "ocropus"
| #define VERSION "0.3"
| #define STDC_HEADERS 1
| #define HAVE_SYS_WAIT_H 1
| #define HAVE_SYS_TYPES_H 1
| #define HAVE_SYS_STAT_H 1
| #define HAVE_STDLIB_H 1
| #define HAVE_STRING_H 1
| #define HAVE_MEMORY_H 1
| #define HAVE_STRINGS_H 1
| #define HAVE_INTTYPES_H 1
| #define HAVE_STDINT_H 1
| #define HAVE_UNISTD_H 1
| #define HAVE_FLOAT_H 1
| /* end confdefs.h.  */
| #include <malloc.h>
configure:4995: result: no
configure:4995: checking for malloc.h
configure:4995: result: no
configure:4995: checking for stdint.h
configure:4995: result: yes
configure:4995: checking for stdlib.h
configure:4995: result: yes
configure:4995: checking for string.h
configure:4995: result: yes
configure:4995: checking for unistd.h
configure:4995: result: yes
configure:4995: checking wchar.h usability
configure:4995: gcc -c -g -O2 -I/local/include -I/opt/local/include conftest.c >&5
configure:4995: $? = 0
configure:4995: result: yes
configure:4995: checking wchar.h presence
configure:4995: gcc -E -I/local/include -I/opt/local/include conftest.c
configure:4995: $? = 0
configure:4995: result: yes
configure:4995: checking for wchar.h
configure:4995: result: yes
configure:5008: checking for unistd.h
configure:5008: result: yes
configure:5020: checking for compress in -lz
configure:5045: gcc -o conftest -g -O2 -I/local/include -I/opt/local/include -L/local/lib -L/opt/local/lib -L/usr/local/lib -L/usr/local/lib conftest.c -lz   >&5
configure:5045: $? = 0
configure:5054: result: yes
configure:5069: checking png.h usability
configure:5069: gcc -c -g -O2 -I/local/include -I/opt/local/include conftest.c >&5
configure:5069: $? = 0
configure:5069: result: yes
configure:5069: checking png.h presence
configure:5069: gcc -E -I/local/include -I/opt/local/include conftest.c
configure:5069: $? = 0
configure:5069: result: yes
configure:5069: checking for png.h
configure:5069: result: yes
configure:5077: checking for png_sig_cmp in -lpng
configure:5102: gcc -o conftest -g -O2 -I/local/include -I/opt/local/include -L/local/lib -L/opt/local/lib -L/usr/local/lib -L/usr/local/lib conftest.c -lpng  -lz  >&5
configure:5102: $? = 0
configure:5111: result: yes
configure:5126: checking jpeglib.h usability
configure:5126: gcc -c -g -O2 -I/local/include -I/opt/local/include conftest.c >&5
configure:5126: $? = 0
configure:5126: result: yes
configure:5126: checking jpeglib.h presence
configure:5126: gcc -E -I/local/include -I/opt/local/include conftest.c
configure:5126: $? = 0
configure:5126: result: yes
configure:5126: checking for jpeglib.h
configure:5126: result: yes
configure:5134: checking for jpeg_std_error in -ljpeg
configure:5159: gcc -o conftest -g -O2 -I/local/include -I/opt/local/include -L/local/lib -L/opt/local/lib -L/usr/local/lib -L/usr/local/lib conftest.c -ljpeg  -lpng -lz  >&5
configure:5159: $? = 0
configure:5168: result: yes
configure:5183: checking for TIFFOpen in -ltiff
configure:5208: gcc -o conftest -g -O2 -I/local/include -I/opt/local/include -L/local/lib -L/opt/local/lib -L/usr/local/lib -L/usr/local/lib conftest.c -ltiff  -ljpeg -lpng -lz  >&5
configure:5208: $? = 0
configure:5217: result: yes
configure:5241: checking for exit in -liulib
configure:5266: /usr/bin/g++-4.2 -o conftest -g -O2 -I/local/include -I/opt/local/include -L/local/lib -L/opt/local/lib -L/usr/local/lib -L/usr/local/lib conftest.cpp -liulib  -ltiff -ljpeg -lpng -lz  >&5
configure:5266: $? = 0
configure:5275: result: yes
configure:5290: checking for pthread_create in -lpthread
configure:5315: /usr/bin/g++-4.2 -o conftest -g -O2 -I/local/include -I/opt/local/include -L/local/lib -L/opt/local/lib -L/usr/local/lib -L/usr/local/lib conftest.cpp -lpthread  -liulib -ltiff -ljpeg -lpng -lz  >&5
configure:5315: $? = 0
configure:5324: result: yes
configure:5338: checking for err_exit in -ltesseract_full
configure:5363: /usr/bin/g++-4.2 -o conftest -g -O2 -I/local/include -I/opt/local/include -L/local/lib -L/opt/local/lib -L/usr/local/lib -L/usr/local/lib conftest.cpp -ltesseract_full  -lpthread -liulib -ltiff -ljpeg -lpng -lz  >&5
configure:5363: $? = 0
configure:5372: result: yes
configure:5789: checking for abort in -lgslcblas
configure:5814: /usr/bin/g++-4.2 -o conftest -g -O2 -I/local/include -I/opt/local/include -L/local/lib -L/opt/local/lib -L/usr/local/lib -L/usr/local/lib conftest.cpp -lgslcblas  -ltesseract_full -lpthread -liulib -ltiff -ljpeg -lpng -lz  >&5
configure:5814: $? = 0
configure:5823: result: yes
configure:5837: checking for gsl_error in -lgsl
configure:5862: /usr/bin/g++-4.2 -o conftest -g -O2 -I/local/include -I/opt/local/include -L/local/lib -L/opt/local/lib -L/usr/local/lib -L/usr/local/lib conftest.cpp -lgsl  -lgslcblas -ltesseract_full -lpthread -liulib -ltiff -ljpeg -lpng -lz  >&5
configure:5862: $? = 0
configure:5871: result: yes
configure:5885: checking for exit in -lblas
configure:5910: /usr/bin/g++-4.2 -o conftest -g -O2 -I/local/include -I/opt/local/include -L/local/lib -L/opt/local/lib -L/usr/local/lib -L/usr/local/lib conftest.cpp -lblas  -lgsl -lgslcblas -ltesseract_full -lpthread -liulib -ltiff -ljpeg -lpng -lz  >&5
configure:5910: $? = 0
configure:5919: result: yes
configure:6077: checking for GOMP_parallel_start in -lgomp
configure:6102: /usr/bin/g++-4.2 -o conftest -g -O2 -I/local/include -I/opt/local/include -L/local/lib -L/opt/local/lib -L/usr/local/lib -L/usr/local/lib conftest.cpp -lgomp  -lblas -lgsl -lgslcblas -ltesseract_full -lpthread -liulib -ltiff -ljpeg -lpng -lz  >&5
configure:6102: $? = 0
configure:6111: result: yes
configure:6143: checking for int64_t
configure:6143: /usr/bin/g++-4.2 -c -g -O2 -fopenmp -I/local/include -I/opt/local/include conftest.cpp >&5
configure:6143: $? = 0
configure:6143: /usr/bin/g++-4.2 -c -g -O2 -fopenmp -I/local/include -I/opt/local/include conftest.cpp >&5
conftest.cpp: In function 'int main()':
conftest.cpp:77: error: size of array 'test_array' is negative
configure:6143: $? = 1
configure: failed program was:
| /* confdefs.h */
| #define PACKAGE_NAME "ocropus"
| #define PACKAGE_TARNAME "ocropus"
| #define PACKAGE_VERSION "0.3"
| #define PACKAGE_STRING "ocropus 0.3"
| #define PACKAGE_BUGREPORT ""
| #define PACKAGE_URL ""
| #define PACKAGE "ocropus"
| #define VERSION "0.3"
| #define STDC_HEADERS 1
| #define HAVE_SYS_WAIT_H 1
| #define HAVE_SYS_TYPES_H 1
| #define HAVE_SYS_STAT_H 1
| #define HAVE_STDLIB_H 1
| #define HAVE_STRING_H 1
| #define HAVE_MEMORY_H 1
| #define HAVE_STRINGS_H 1
| #define HAVE_INTTYPES_H 1
| #define HAVE_STDINT_H 1
| #define HAVE_UNISTD_H 1
| #define HAVE_FLOAT_H 1
| #define HAVE_STDINT_H 1
| #define HAVE_STDLIB_H 1
| #define HAVE_STRING_H 1
| #define HAVE_UNISTD_H 1
| #define HAVE_WCHAR_H 1
| #define HAVE_LIBZ 1
| #define HAVE_LIBPNG 1
| #define HAVE_LIBJPEG 1
| #define HAVE_LIBTIFF 1
| #define HAVE_LIBIULIB 1
| #define HAVE_LIBPTHREAD 1
| #define HAVE_LIBTESSERACT_FULL 1
| #define HAVE_LIBGSLCBLAS 1
| #define HAVE_LIBGSL 1
| #define HAVE_LIBBLAS 1
| #define HAVE_LIBGOMP 1
| /* end confdefs.h.  */
| #include <stdio.h>
| #ifdef HAVE_SYS_TYPES_H
| # include <sys/types.h>
| #endif
| #ifdef HAVE_SYS_STAT_H
| # include <sys/stat.h>
| #endif
| #ifdef STDC_HEADERS
| # include <stdlib.h>
| # include <stddef.h>
| #else
| # ifdef HAVE_STDLIB_H
| #  include <stdlib.h>
| # endif
| #endif
| #ifdef HAVE_STRING_H
| # if !defined STDC_HEADERS && defined HAVE_MEMORY_H
| #  include <memory.h>
| # endif
| # include <string.h>
| #endif
| #ifdef HAVE_STRINGS_H
| # include <strings.h>
| #endif
| #ifdef HAVE_INTTYPES_H
| # include <inttypes.h>
| #endif
| #ifdef HAVE_STDINT_H
| # include <stdint.h>
| #endif
| #ifdef HAVE_UNISTD_H
| # include <unistd.h>
| #endif
| 	        enum { N = 64 / 2 - 1 };
| int
| main ()
| {
| static int test_array [1 - 2 * !((int64_t) (((((int64_t) 1 << N) << N) - 1) * 2 + 1)
| 		 < (int64_t) (((((int64_t) 1 << N) << N) - 1) * 2 + 2))];
| test_array [0] = 0
| 
|   ;
|   return 0;
| }
configure:6143: result: yes
configure:6154: checking for pid_t
configure:6154: /usr/bin/g++-4.2 -c -g -O2 -fopenmp -I/local/include -I/opt/local/include conftest.cpp >&5
configure:6154: $? = 0
configure:6154: /usr/bin/g++-4.2 -c -g -O2 -fopenmp -I/local/include -I/opt/local/include conftest.cpp >&5
conftest.cpp: In function 'int main()':
conftest.cpp:75: error: expected primary-expression before ')' token
configure:6154: $? = 1
configure: failed program was:
| /* confdefs.h */
| #define PACKAGE_NAME "ocropus"
| #define PACKAGE_TARNAME "ocropus"
| #define PACKAGE_VERSION "0.3"
| #define PACKAGE_STRING "ocropus 0.3"
| #define PACKAGE_BUGREPORT ""
| #define PACKAGE_URL ""
| #define PACKAGE "ocropus"
| #define VERSION "0.3"
| #define STDC_HEADERS 1
| #define HAVE_SYS_WAIT_H 1
| #define HAVE_SYS_TYPES_H 1
| #define HAVE_SYS_STAT_H 1
| #define HAVE_STDLIB_H 1
| #define HAVE_STRING_H 1
| #define HAVE_MEMORY_H 1
| #define HAVE_STRINGS_H 1
| #define HAVE_INTTYPES_H 1
| #define HAVE_STDINT_H 1
| #define HAVE_UNISTD_H 1
| #define HAVE_FLOAT_H 1
| #define HAVE_STDINT_H 1
| #define HAVE_STDLIB_H 1
| #define HAVE_STRING_H 1
| #define HAVE_UNISTD_H 1
| #define HAVE_WCHAR_H 1
| #define HAVE_LIBZ 1
| #define HAVE_LIBPNG 1
| #define HAVE_LIBJPEG 1
| #define HAVE_LIBTIFF 1
| #define HAVE_LIBIULIB 1
| #define HAVE_LIBPTHREAD 1
| #define HAVE_LIBTESSERACT_FULL 1
| #define HAVE_LIBGSLCBLAS 1
| #define HAVE_LIBGSL 1
| #define HAVE_LIBBLAS 1
| #define HAVE_LIBGOMP 1
| /* end confdefs.h.  */
| #include <stdio.h>
| #ifdef HAVE_SYS_TYPES_H
| # include <sys/types.h>
| #endif
| #ifdef HAVE_SYS_STAT_H
| # include <sys/stat.h>
| #endif
| #ifdef STDC_HEADERS
| # include <stdlib.h>
| # include <stddef.h>
| #else
| # ifdef HAVE_STDLIB_H
| #  include <stdlib.h>
| # endif
| #endif
| #ifdef HAVE_STRING_H
| # if !defined STDC_HEADERS && defined HAVE_MEMORY_H
| #  include <memory.h>
| # endif
| # include <string.h>
| #endif
| #ifdef HAVE_STRINGS_H
| # include <strings.h>
| #endif
| #ifdef HAVE_INTTYPES_H
| # include <inttypes.h>
| #endif
| #ifdef HAVE_STDINT_H
| # include <stdint.h>
| #endif
| #ifdef HAVE_UNISTD_H
| # include <unistd.h>
| #endif
| int
| main ()
| {
| if (sizeof ((pid_t)))
| 	    return 0;
|   ;
|   return 0;
| }
configure:6154: result: yes
configure:6168: checking vfork.h usability
configure:6168: /usr/bin/g++-4.2 -c -g -O2 -fopenmp -I/local/include -I/opt/local/include conftest.cpp >&5
conftest.cpp:72:19: error: vfork.h: No such file or directory
configure:6168: $? = 1
configure: failed program was:
| /* confdefs.h */
| #define PACKAGE_NAME "ocropus"
| #define PACKAGE_TARNAME "ocropus"
| #define PACKAGE_VERSION "0.3"
| #define PACKAGE_STRING "ocropus 0.3"
| #define PACKAGE_BUGREPORT ""
| #define PACKAGE_URL ""
| #define PACKAGE "ocropus"
| #define VERSION "0.3"
| #define STDC_HEADERS 1
| #define HAVE_SYS_WAIT_H 1
| #define HAVE_SYS_TYPES_H 1
| #define HAVE_SYS_STAT_H 1
| #define HAVE_STDLIB_H 1
| #define HAVE_STRING_H 1
| #define HAVE_MEMORY_H 1
| #define HAVE_STRINGS_H 1
| #define HAVE_INTTYPES_H 1
| #define HAVE_STDINT_H 1
| #define HAVE_UNISTD_H 1
| #define HAVE_FLOAT_H 1
| #define HAVE_STDINT_H 1
| #define HAVE_STDLIB_H 1
| #define HAVE_STRING_H 1
| #define HAVE_UNISTD_H 1
| #define HAVE_WCHAR_H 1
| #define HAVE_LIBZ 1
| #define HAVE_LIBPNG 1
| #define HAVE_LIBJPEG 1
| #define HAVE_LIBTIFF 1
| #define HAVE_LIBIULIB 1
| #define HAVE_LIBPTHREAD 1
| #define HAVE_LIBTESSERACT_FULL 1
| #define HAVE_LIBGSLCBLAS 1
| #define HAVE_LIBGSL 1
| #define HAVE_LIBBLAS 1
| #define HAVE_LIBGOMP 1
| /* end confdefs.h.  */
| #include <stdio.h>
| #ifdef HAVE_SYS_TYPES_H
| # include <sys/types.h>
| #endif
| #ifdef HAVE_SYS_STAT_H
| # include <sys/stat.h>
| #endif
| #ifdef STDC_HEADERS
| # include <stdlib.h>
| # include <stddef.h>
| #else
| # ifdef HAVE_STDLIB_H
| #  include <stdlib.h>
| # endif
| #endif
| #ifdef HAVE_STRING_H
| # if !defined STDC_HEADERS && defined HAVE_MEMORY_H
| #  include <memory.h>
| # endif
| # include <string.h>
| #endif
| #ifdef HAVE_STRINGS_H
| # include <strings.h>
| #endif
| #ifdef HAVE_INTTYPES_H
| # include <inttypes.h>
| #endif
| #ifdef HAVE_STDINT_H
| # include <stdint.h>
| #endif
| #ifdef HAVE_UNISTD_H
| # include <unistd.h>
| #endif
| #include <vfork.h>
configure:6168: result: no
configure:6168: checking vfork.h presence
configure:6168:  -I/local/include -I/opt/local/include conftest.cpp
./configure: line 1855: -I/local/include: No such file or directory
configure:6168: $? = 127
configure: failed program was:
| /* confdefs.h */
| #define PACKAGE_NAME "ocropus"
| #define PACKAGE_TARNAME "ocropus"
| #define PACKAGE_VERSION "0.3"
| #define PACKAGE_STRING "ocropus 0.3"
| #define PACKAGE_BUGREPORT ""
| #define PACKAGE_URL ""
| #define PACKAGE "ocropus"
| #define VERSION "0.3"
| #define STDC_HEADERS 1
| #define HAVE_SYS_WAIT_H 1
| #define HAVE_SYS_TYPES_H 1
| #define HAVE_SYS_STAT_H 1
| #define HAVE_STDLIB_H 1
| #define HAVE_STRING_H 1
| #define HAVE_MEMORY_H 1
| #define HAVE_STRINGS_H 1
| #define HAVE_INTTYPES_H 1
| #define HAVE_STDINT_H 1
| #define HAVE_UNISTD_H 1
| #define HAVE_FLOAT_H 1
| #define HAVE_STDINT_H 1
| #define HAVE_STDLIB_H 1
| #define HAVE_STRING_H 1
| #define HAVE_UNISTD_H 1
| #define HAVE_WCHAR_H 1
| #define HAVE_LIBZ 1
| #define HAVE_LIBPNG 1
| #define HAVE_LIBJPEG 1
| #define HAVE_LIBTIFF 1
| #define HAVE_LIBIULIB 1
| #define HAVE_LIBPTHREAD 1
| #define HAVE_LIBTESSERACT_FULL 1
| #define HAVE_LIBGSLCBLAS 1
| #define HAVE_LIBGSL 1
| #define HAVE_LIBBLAS 1
| #define HAVE_LIBGOMP 1
| /* end confdefs.h.  */
| #include <vfork.h>
configure:6168: result: no
configure:6168: checking for vfork.h
configure:6168: result: no
configure:6181: checking for fork
configure:6181: /usr/bin/g++-4.2 -o conftest -g -O2 -fopenmp -I/local/include -I/opt/local/include -L/local/lib -L/opt/local/lib -L/usr/local/lib -L/usr/local/lib -lgomp conftest.cpp -lgomp -lblas -lgsl -lgslcblas -ltesseract_full -lpthread -liulib -ltiff -ljpeg -lpng -lz  >&5
configure:6181: $? = 0
configure:6181: result: yes
configure:6181: checking for vfork
configure:6181: /usr/bin/g++-4.2 -o conftest -g -O2 -fopenmp -I/local/include -I/opt/local/include -L/local/lib -L/opt/local/lib -L/usr/local/lib -L/usr/local/lib -lgomp conftest.cpp -lgomp -lblas -lgsl -lgslcblas -ltesseract_full -lpthread -liulib -ltiff -ljpeg -lpng -lz  >&5
configure:6181: $? = 0
configure:6181: result: yes
configure:6192: checking for working fork
configure:6214: /usr/bin/g++-4.2 -o conftest -g -O2 -fopenmp -I/local/include -I/opt/local/include -L/local/lib -L/opt/local/lib -L/usr/local/lib -L/usr/local/lib -lgomp conftest.cpp -lgomp -lblas -lgsl -lgslcblas -ltesseract_full -lpthread -liulib -ltiff -ljpeg -lpng -lz  >&5
configure:6214: $? = 0
configure:6214: ./conftest
dyld: Library not loaded: /opt/local/lib/libjpeg.62.dylib
  Referenced from: /opt/local/lib/libtiff.3.dylib
  Reason: image not found
./configure: line 2186: 72600 Trace/BPT trap          ./conftest$ac_exeext
configure:6214: $? = 133
configure: program exited with status 133
configure: failed program was:
| /* confdefs.h */
| #define PACKAGE_NAME "ocropus"
| #define PACKAGE_TARNAME "ocropus"
| #define PACKAGE_VERSION "0.3"
| #define PACKAGE_STRING "ocropus 0.3"
| #define PACKAGE_BUGREPORT ""
| #define PACKAGE_URL ""
| #define PACKAGE "ocropus"
| #define VERSION "0.3"
| #define STDC_HEADERS 1
| #define HAVE_SYS_WAIT_H 1
| #define HAVE_SYS_TYPES_H 1
| #define HAVE_SYS_STAT_H 1
| #define HAVE_STDLIB_H 1
| #define HAVE_STRING_H 1
| #define HAVE_MEMORY_H 1
| #define HAVE_STRINGS_H 1
| #define HAVE_INTTYPES_H 1
| #define HAVE_STDINT_H 1
| #define HAVE_UNISTD_H 1
| #define HAVE_FLOAT_H 1
| #define HAVE_STDINT_H 1
| #define HAVE_STDLIB_H 1
| #define HAVE_STRING_H 1
| #define HAVE_UNISTD_H 1
| #define HAVE_WCHAR_H 1
| #define HAVE_LIBZ 1
| #define HAVE_LIBPNG 1
| #define HAVE_LIBJPEG 1
| #define HAVE_LIBTIFF 1
| #define HAVE_LIBIULIB 1
| #define HAVE_LIBPTHREAD 1
| #define HAVE_LIBTESSERACT_FULL 1
| #define HAVE_LIBGSLCBLAS 1
| #define HAVE_LIBGSL 1
| #define HAVE_LIBBLAS 1
| #define HAVE_LIBGOMP 1
| #define HAVE_FORK 1
| #define HAVE_VFORK 1
| /* end confdefs.h.  */
| #include <stdio.h>
| #ifdef HAVE_SYS_TYPES_H
| # include <sys/types.h>
| #endif
| #ifdef HAVE_SYS_STAT_H
| # include <sys/stat.h>
| #endif
| #ifdef STDC_HEADERS
| # include <stdlib.h>
| # include <stddef.h>
| #else
| # ifdef HAVE_STDLIB_H
| #  include <stdlib.h>
| # endif
| #endif
| #ifdef HAVE_STRING_H
| # if !defined STDC_HEADERS && defined HAVE_MEMORY_H
| #  include <memory.h>
| # endif
| # include <string.h>
| #endif
| #ifdef HAVE_STRINGS_H
| # include <strings.h>
| #endif
| #ifdef HAVE_INTTYPES_H
| # include <inttypes.h>
| #endif
| #ifdef HAVE_STDINT_H
| # include <stdint.h>
| #endif
| #ifdef HAVE_UNISTD_H
| # include <unistd.h>
| #endif
| int
| main ()
| {
| 
| 	  /* By Ruediger Kuhlmann. */
| 	  return fork () < 0;
| 
|   ;
|   return 0;
| }
configure:6224: result: no
configure:6245: checking for working vfork
configure:6355: result: yes
configure:6383: checking for dup2
configure:6383: /usr/bin/g++-4.2 -o conftest -g -O2 -fopenmp -I/local/include -I/opt/local/include -L/local/lib -L/opt/local/lib -L/usr/local/lib -L/usr/local/lib -lgomp conftest.cpp -lgomp -lblas -lgsl -lgslcblas -ltesseract_full -lpthread -liulib -ltiff -ljpeg -lpng -lz  >&5
configure:6383: $? = 0
configure:6383: result: yes
configure:6383: checking for memset
configure:6383: /usr/bin/g++-4.2 -o conftest -g -O2 -fopenmp -I/local/include -I/opt/local/include -L/local/lib -L/opt/local/lib -L/usr/local/lib -L/usr/local/lib -lgomp conftest.cpp -lgomp -lblas -lgsl -lgslcblas -ltesseract_full -lpthread -liulib -ltiff -ljpeg -lpng -lz  >&5
configure:6383: $? = 0
configure:6383: result: yes
configure:6383: checking for sqrt
configure:6383: /usr/bin/g++-4.2 -o conftest -g -O2 -fopenmp -I/local/include -I/opt/local/include -L/local/lib -L/opt/local/lib -L/usr/local/lib -L/usr/local/lib -lgomp conftest.cpp -lgomp -lblas -lgsl -lgslcblas -ltesseract_full -lpthread -liulib -ltiff -ljpeg -lpng -lz  >&5
configure:6383: $? = 0
configure:6383: result: yes
configure:6383: checking for strchr
configure:6383: /usr/bin/g++-4.2 -o conftest -g -O2 -fopenmp -I/local/include -I/opt/local/include -L/local/lib -L/opt/local/lib -L/usr/local/lib -L/usr/local/lib -lgomp conftest.cpp -lgomp -lblas -lgsl -lgslcblas -ltesseract_full -lpthread -liulib -ltiff -ljpeg -lpng -lz  >&5
configure:6383: $? = 0
configure:6383: result: yes
configure:6383: checking for strdup
configure:6383: /usr/bin/g++-4.2 -o conftest -g -O2 -fopenmp -I/local/include -I/opt/local/include -L/local/lib -L/opt/local/lib -L/usr/local/lib -L/usr/local/lib -lgomp conftest.cpp -lgomp -lblas -lgsl -lgslcblas -ltesseract_full -lpthread -liulib -ltiff -ljpeg -lpng -lz  >&5
configure:6383: $? = 0
configure:6383: result: yes
configure:6383: checking for strrchr
configure:6383: /usr/bin/g++-4.2 -o conftest -g -O2 -fopenmp -I/local/include -I/opt/local/include -L/local/lib -L/opt/local/lib -L/usr/local/lib -L/usr/local/lib -lgomp conftest.cpp -lgomp -lblas -lgsl -lgslcblas -ltesseract_full -lpthread -liulib -ltiff -ljpeg -lpng -lz  >&5
configure:6383: $? = 0
configure:6383: result: yes
configure:6408: /usr/bin/g++-4.2 -o conftest -g -O2 -fopenmp -I/local/include -I/opt/local/include -L/local/lib -L/opt/local/lib -L/usr/local/lib -L/usr/local/lib -lgomp -Wl,-E conftest.cpp -lgomp -lblas -lgsl -lgslcblas -ltesseract_full -lpthread -liulib -ltiff -ljpeg -lpng -lz  >&5
ld: unknown option: -E
collect2: ld returned 1 exit status
configure:6408: $? = 1
configure: failed program was:
| /* confdefs.h */
| #define PACKAGE_NAME "ocropus"
| #define PACKAGE_TARNAME "ocropus"
| #define PACKAGE_VERSION "0.3"
| #define PACKAGE_STRING "ocropus 0.3"
| #define PACKAGE_BUGREPORT ""
| #define PACKAGE_URL ""
| #define PACKAGE "ocropus"
| #define VERSION "0.3"
| #define STDC_HEADERS 1
| #define HAVE_SYS_WAIT_H 1
| #define HAVE_SYS_TYPES_H 1
| #define HAVE_SYS_STAT_H 1
| #define HAVE_STDLIB_H 1
| #define HAVE_STRING_H 1
| #define HAVE_MEMORY_H 1
| #define HAVE_STRINGS_H 1
| #define HAVE_INTTYPES_H 1
| #define HAVE_STDINT_H 1
| #define HAVE_UNISTD_H 1
| #define HAVE_FLOAT_H 1
| #define HAVE_STDINT_H 1
| #define HAVE_STDLIB_H 1
| #define HAVE_STRING_H 1
| #define HAVE_UNISTD_H 1
| #define HAVE_WCHAR_H 1
| #define HAVE_LIBZ 1
| #define HAVE_LIBPNG 1
| #define HAVE_LIBJPEG 1
| #define HAVE_LIBTIFF 1
| #define HAVE_LIBIULIB 1
| #define HAVE_LIBPTHREAD 1
| #define HAVE_LIBTESSERACT_FULL 1
| #define HAVE_LIBGSLCBLAS 1
| #define HAVE_LIBGSL 1
| #define HAVE_LIBBLAS 1
| #define HAVE_LIBGOMP 1
| #define HAVE_FORK 1
| #define HAVE_VFORK 1
| #define HAVE_WORKING_VFORK 1
| #define HAVE_DUP2 1
| #define HAVE_MEMSET 1
| #define HAVE_SQRT 1
| #define HAVE_STRCHR 1
| #define HAVE_STRDUP 1
| #define HAVE_STRRCHR 1
| /* end confdefs.h.  */
| 
| int
| main ()
| {
| 
|   ;
|   return 0;
| }
configure:6592: creating ./config.status

## ---------------------- ##
## Running config.status. ##
## ---------------------- ##

This file was extended by ocropus config.status 0.3, which was
generated by GNU Autoconf 2.65.  Invocation command line was

  CONFIG_FILES    = 
  CONFIG_HEADERS  = 
  CONFIG_LINKS    = 
  CONFIG_COMMANDS = 
  $ ./config.status 

on JoshMacPro.local

config.status:810: creating Makefile
config.status:973: executing depfiles commands

## ---------------- ##
## Cache variables. ##
## ---------------- ##

ac_cv_c_compiler_gnu=yes
ac_cv_c_int64_t=yes
ac_cv_cxx_compiler_gnu=yes
ac_cv_env_CCC_set=
ac_cv_env_CCC_value=
ac_cv_env_CC_set=
ac_cv_env_CC_value=
ac_cv_env_CFLAGS_set=
ac_cv_env_CFLAGS_value=
ac_cv_env_CPPFLAGS_set=set
ac_cv_env_CPPFLAGS_value='-I/local/include -I/opt/local/include'
ac_cv_env_CPP_set=
ac_cv_env_CPP_value=
ac_cv_env_CXXCPP_set=
ac_cv_env_CXXCPP_value=
ac_cv_env_CXXFLAGS_set=
ac_cv_env_CXXFLAGS_value=
ac_cv_env_CXX_set=set
ac_cv_env_CXX_value=/usr/bin/g++-4.2
ac_cv_env_LDFLAGS_set=set
ac_cv_env_LDFLAGS_value='-L/local/lib -L/opt/local/lib'
ac_cv_env_LIBS_set=
ac_cv_env_LIBS_value=
ac_cv_env_build_alias_set=
ac_cv_env_build_alias_value=
ac_cv_env_colibheaders_set=
ac_cv_env_colibheaders_value=
ac_cv_env_host_alias_set=
ac_cv_env_host_alias_value=
ac_cv_env_iulibheaders_set=
ac_cv_env_iulibheaders_value=
ac_cv_env_iuliblibs_set=
ac_cv_env_iuliblibs_value=
ac_cv_env_leptheaders_set=
ac_cv_env_leptheaders_value=
ac_cv_env_target_alias_set=
ac_cv_env_target_alias_value=
ac_cv_env_tessheaders_set=
ac_cv_env_tessheaders_value=
ac_cv_env_tesslibs_set=
ac_cv_env_tesslibs_value=
ac_cv_file__usr_local_include_iulib_imgio_h=yes
ac_cv_file__usr_local_include_tesseract_baseapi_h=yes
ac_cv_func_dup2=yes
ac_cv_func_fork=yes
ac_cv_func_fork_works=no
ac_cv_func_memset=yes
ac_cv_func_sqrt=yes
ac_cv_func_strchr=yes
ac_cv_func_strdup=yes
ac_cv_func_strrchr=yes
ac_cv_func_vfork=yes
ac_cv_func_vfork_works=yes
ac_cv_header_float_h=yes
ac_cv_header_inttypes_h=yes
ac_cv_header_jpeglib_h=yes
ac_cv_header_malloc_h=no
ac_cv_header_memory_h=yes
ac_cv_header_png_h=yes
ac_cv_header_stdc=yes
ac_cv_header_stdint_h=yes
ac_cv_header_stdlib_h=yes
ac_cv_header_string_h=yes
ac_cv_header_strings_h=yes
ac_cv_header_sys_stat_h=yes
ac_cv_header_sys_types_h=yes
ac_cv_header_sys_wait_h=yes
ac_cv_header_unistd_h=yes
ac_cv_header_vfork_h=no
ac_cv_header_wchar_h=yes
ac_cv_lib_blas_exit=yes
ac_cv_lib_gomp_GOMP_parallel_start=yes
ac_cv_lib_gsl_gsl_error=yes
ac_cv_lib_gslcblas_abort=yes
ac_cv_lib_iulib_exit=yes
ac_cv_lib_jpeg_jpeg_std_error=yes
ac_cv_lib_png_png_sig_cmp=yes
ac_cv_lib_pthread_pthread_create=yes
ac_cv_lib_tesseract_full_err_exit=yes
ac_cv_lib_tiff_TIFFOpen=yes
ac_cv_lib_z_compress=yes
ac_cv_objext=o
ac_cv_path_EGREP='/usr/bin/grep -E'
ac_cv_path_GREP=/usr/bin/grep
ac_cv_path_install='/usr/bin/install -c'
ac_cv_prog_AWK=awk
ac_cv_prog_CPP='gcc -E'
ac_cv_prog_ac_ct_CC=gcc
ac_cv_prog_ac_ct_RANLIB=ranlib
ac_cv_prog_cc_c89=
ac_cv_prog_cc_g=yes
ac_cv_prog_cxx_g=yes
ac_cv_prog_make_make_set=yes
ac_cv_type_pid_t=yes
ac_cv_use_fst=no
ac_cv_use_openmp=yes
ac_cv_use_sdl=no
am_cv_CC_dependencies_compiler_type=gcc3
am_cv_CXX_dependencies_compiler_type=gcc3

## ----------------- ##
## Output variables. ##
## ----------------- ##

ACLOCAL='${SHELL} /Programming/Transfs/ocropus-0.4/ocropus/missing --run aclocal-1.10'
AMDEPBACKSLASH='\'
AMDEP_FALSE='#'
AMDEP_TRUE=''
AMTAR='${SHELL} /Programming/Transfs/ocropus-0.4/ocropus/missing --run tar'
AUTOCONF='${SHELL} /Programming/Transfs/ocropus-0.4/ocropus/missing --run autoconf'
AUTOHEADER='${SHELL} /Programming/Transfs/ocropus-0.4/ocropus/missing --run autoheader'
AUTOMAKE='${SHELL} /Programming/Transfs/ocropus-0.4/ocropus/missing --run automake-1.10'
AWK='awk'
CC='gcc'
CCDEPMODE='depmode=gcc3'
CFLAGS='-g -O2'
CPP='gcc -E'
CPPFLAGS='-I/local/include -I/opt/local/include'
CXX='/usr/bin/g++-4.2'
CXXCPP=''
CXXDEPMODE='depmode=gcc3'
CXXFLAGS='-g -O2 -fopenmp'
CYGPATH_W='echo'
DEFS='-DPACKAGE_NAME=\"ocropus\" -DPACKAGE_TARNAME=\"ocropus\" -DPACKAGE_VERSION=\"0.3\" -DPACKAGE_STRING=\"ocropus\ 0.3\" -DPACKAGE_BUGREPORT=\"\" -DPACKAGE_URL=\"\" -DPACKAGE=\"ocropus\" -DVERSION=\"0.3\" -DSTDC_HEADERS=1 -DHAVE_SYS_WAIT_H=1 -DHAVE_SYS_TYPES_H=1 -DHAVE_SYS_STAT_H=1 -DHAVE_STDLIB_H=1 -DHAVE_STRING_H=1 -DHAVE_MEMORY_H=1 -DHAVE_STRINGS_H=1 -DHAVE_INTTYPES_H=1 -DHAVE_STDINT_H=1 -DHAVE_UNISTD_H=1 -DHAVE_FLOAT_H=1 -DHAVE_STDINT_H=1 -DHAVE_STDLIB_H=1 -DHAVE_STRING_H=1 -DHAVE_UNISTD_H=1 -DHAVE_WCHAR_H=1 -DHAVE_LIBZ=1 -DHAVE_LIBPNG=1 -DHAVE_LIBJPEG=1 -DHAVE_LIBTIFF=1 -DHAVE_LIBIULIB=1 -DHAVE_LIBPTHREAD=1 -DHAVE_LIBTESSERACT_FULL=1 -DHAVE_LIBGSLCBLAS=1 -DHAVE_LIBGSL=1 -DHAVE_LIBBLAS=1 -DHAVE_LIBGOMP=1 -DHAVE_FORK=1 -DHAVE_VFORK=1 -DHAVE_WORKING_VFORK=1 -DHAVE_DUP2=1 -DHAVE_MEMSET=1 -DHAVE_SQRT=1 -DHAVE_STRCHR=1 -DHAVE_STRDUP=1 -DHAVE_STRRCHR=1'
DEPDIR='.deps'
ECHO_C='\c'
ECHO_N=''
ECHO_T=''
EGREP='/usr/bin/grep -E'
EXEEXT=''
GREP='/usr/bin/grep'
INSTALL_DATA='${INSTALL} -m 644'
INSTALL_PROGRAM='${INSTALL}'
INSTALL_SCRIPT='${INSTALL}'
INSTALL_STRIP_PROGRAM='$(install_sh) -c -s'
LDFLAGS='-L/local/lib -L/opt/local/lib -L/usr/local/lib -L/usr/local/lib -lgomp'
LIBOBJS=''
LIBS='-lgomp -lblas -lgsl -lgslcblas -ltesseract_full -lpthread -liulib -ltiff -ljpeg -lpng -lz '
LTLIBOBJS=''
MAKEINFO='${SHELL} /Programming/Transfs/ocropus-0.4/ocropus/missing --run makeinfo'
MKDIR_P='./install-sh -c -d'
OBJEXT='o'
PACKAGE='ocropus'
PACKAGE_BUGREPORT=''
PACKAGE_NAME='ocropus'
PACKAGE_STRING='ocropus 0.3'
PACKAGE_TARNAME='ocropus'
PACKAGE_URL=''
PACKAGE_VERSION='0.3'
PATH_SEPARATOR=':'
RANLIB='ranlib'
SET_MAKE=''
SHELL='/bin/sh'
STRIP=''
VERSION='0.3'
ac_ct_CC='gcc'
ac_ct_CXX=''
am__fastdepCC_FALSE='#'
am__fastdepCC_TRUE=''
am__fastdepCXX_FALSE='#'
am__fastdepCXX_TRUE=''
am__include='include'
am__isrc=''
am__leading_dot='.'
am__quote=''
am__tar='${AMTAR} chof - "$$tardir"'
am__untar='${AMTAR} xf -'
bindir='${exec_prefix}/bin'
build_alias=''
colibheaders=''
datadir='${datarootdir}'
datarootdir='${prefix}/share'
docdir='${datarootdir}/doc/${PACKAGE_TARNAME}'
dvidir='${docdir}'
exec_prefix='${prefix}'
host_alias=''
htmldir='${docdir}'
includedir='${prefix}/include'
infodir='${datarootdir}/info'
install_sh='$(SHELL) /Programming/Transfs/ocropus-0.4/ocropus/install-sh'
iulib_prefix='/usr/local'
iulibheaders='/usr/local/include'
iuliblibs='/usr/local/lib'
leptheaders=''
libdir='${exec_prefix}/lib'
libexecdir='${exec_prefix}/libexec'
localedir='${datarootdir}/locale'
localstatedir='${prefix}/var'
mandir='${datarootdir}/man'
mkdir_p='$(top_builddir)/./install-sh -c -d'
nofst='1'
nofst_FALSE='#'
nofst_TRUE=''
noopenmp=''
noopenmp_FALSE=''
noopenmp_TRUE='#'
noposix=''
nosdl='1'
nosdl_FALSE='#'
nosdl_TRUE=''
notesseract=''
notesseract_FALSE=''
notesseract_TRUE='#'
oldincludedir='/usr/include'
pdfdir='${docdir}'
prefix='/usr/local'
program_transform_name='s,x,x,'
psdir='${docdir}'
sbindir='${exec_prefix}/sbin'
sharedstatedir='${prefix}/com'
sysconfdir='${prefix}/etc'
target_alias=''
tesseract_prefix='/usr/local'
tessheaders='/usr/local/include/tesseract'
tesslibs='/usr/local/lib'
use_gsl='yes'
use_gsl_FALSE='#'
use_gsl_TRUE=''
use_leptonica='no'
use_leptonica_FALSE=''
use_leptonica_TRUE='#'

## ----------- ##
## confdefs.h. ##
## ----------- ##

/* confdefs.h */
#define PACKAGE_NAME "ocropus"
#define PACKAGE_TARNAME "ocropus"
#define PACKAGE_VERSION "0.3"
#define PACKAGE_STRING "ocropus 0.3"
#define PACKAGE_BUGREPORT ""
#define PACKAGE_URL ""
#define PACKAGE "ocropus"
#define VERSION "0.3"
#define STDC_HEADERS 1
#define HAVE_SYS_WAIT_H 1
#define HAVE_SYS_TYPES_H 1
#define HAVE_SYS_STAT_H 1
#define HAVE_STDLIB_H 1
#define HAVE_STRING_H 1
#define HAVE_MEMORY_H 1
#define HAVE_STRINGS_H 1
#define HAVE_INTTYPES_H 1
#define HAVE_STDINT_H 1
#define HAVE_UNISTD_H 1
#define HAVE_FLOAT_H 1
#define HAVE_STDINT_H 1
#define HAVE_STDLIB_H 1
#define HAVE_STRING_H 1
#define HAVE_UNISTD_H 1
#define HAVE_WCHAR_H 1
#define HAVE_LIBZ 1
#define HAVE_LIBPNG 1
#define HAVE_LIBJPEG 1
#define HAVE_LIBTIFF 1
#define HAVE_LIBIULIB 1
#define HAVE_LIBPTHREAD 1
#define HAVE_LIBTESSERACT_FULL 1
#define HAVE_LIBGSLCBLAS 1
#define HAVE_LIBGSL 1
#define HAVE_LIBBLAS 1
#define HAVE_LIBGOMP 1
#define HAVE_FORK 1
#define HAVE_VFORK 1
#define HAVE_WORKING_VFORK 1
#define HAVE_DUP2 1
#define HAVE_MEMSET 1
#define HAVE_SQRT 1
#define HAVE_STRCHR 1
#define HAVE_STRDUP 1
#define HAVE_STRRCHR 1

configure: exit 0
